<?xml version="1.0" encoding="UTF-8"?>
<testsuite name="PythagoreanTripletTest" tests="9" skipped="0" failures="8" errors="0" timestamp="2024-05-06T10:24:36" hostname="DESKTOP-QO0S8S2" time="3.693">
  <properties/>
  <testcase name="tripletsWhoseSumIs840WithFactorsLessThanOrEqualTo370()" classname="PythagoreanTripletTest" time="0.377">
    <failure message="org.opentest4j.AssertionFailedError: &#13;&#10;expected: &#13;&#10;  [PythagoreanTriplet@6a47b187,&#13;&#10;      PythagoreanTriplet@2049a9c1,&#13;&#10;      PythagoreanTriplet@1ef6d34c,&#13;&#10;      PythagoreanTriplet@46271dd6,&#13;&#10;      PythagoreanTriplet@11bb571c]&#13;&#10; but was: &#13;&#10;  [PythagoreanTriplet@1863d2fe,&#13;&#10;      PythagoreanTriplet@1787bc24,&#13;&#10;      PythagoreanTriplet@544d57e,&#13;&#10;      PythagoreanTriplet@55c53a33,&#13;&#10;      PythagoreanTriplet@53b7f657,&#13;&#10;      PythagoreanTriplet@797b0699,&#13;&#10;      PythagoreanTriplet@5a37d3ed,&#13;&#10;      PythagoreanTriplet@26df6e3a,&#13;&#10;      PythagoreanTriplet@4a3631f8,&#13;&#10;      PythagoreanTriplet@6b58b9e9,&#13;&#10;      PythagoreanTriplet@f14a7d4,&#13;&#10;      PythagoreanTriplet@52e7a6b2,&#13;&#10;      PythagoreanTriplet@29a5f4e7,&#13;&#10;      PythagoreanTriplet@79c97cb,&#13;&#10;      PythagoreanTriplet@2d9caaeb,&#13;&#10;      PythagoreanTriplet@42a15bdc,&#13;&#10;      PythagoreanTriplet@44a59da3,&#13;&#10;      PythagoreanTriplet@27e47833,&#13;&#10;      PythagoreanTriplet@6f6745d6,&#13;&#10;      PythagoreanTriplet@27508c5d,&#13;&#10;      PythagoreanTriplet@4f704591,&#13;&#10;      PythagoreanTriplet@4b5189ac,&#13;&#10;      PythagoreanTriplet@1e4d3ce5,&#13;&#10;      PythagoreanTriplet@3ddc6915,&#13;&#10;      PythagoreanTriplet@704deff2,&#13;&#10;      PythagoreanTriplet@379614be,&#13;&#10;      PythagoreanTriplet@404bbcbd,&#13;&#10;      PythagoreanTriplet@1e81f160,&#13;&#10;      PythagoreanTriplet@1acaf3d,&#13;&#10;      PythagoreanTriplet@6986852,&#13;&#10;      PythagoreanTriplet@1bab8268,&#13;&#10;      PythagoreanTriplet@a307a8c,&#13;&#10;      PythagoreanTriplet@6e01f9b0,&#13;&#10;      PythagoreanTriplet@2b9ed6da,&#13;&#10;      PythagoreanTriplet@6c61a903,&#13;&#10;      PythagoreanTriplet@658c5a19,&#13;&#10;      PythagoreanTriplet@421e361,&#13;&#10;      PythagoreanTriplet@59d4cd39,&#13;&#10;      PythagoreanTriplet@389c4eb1,&#13;&#10;      PythagoreanTriplet@3fc79729,&#13;&#10;      PythagoreanTriplet@34f6515b,&#13;&#10;      PythagoreanTriplet@4b34fff9,&#13;&#10;      PythagoreanTriplet@1187c9e8,&#13;&#10;      PythagoreanTriplet@127a7a2e,&#13;&#10;      PythagoreanTriplet@14008db3,&#13;&#10;      PythagoreanTriplet@78a773fd,&#13;&#10;      PythagoreanTriplet@57c03d88,&#13;&#10;      PythagoreanTriplet@16aa8654,&#13;&#10;      PythagoreanTriplet@6d7fc27,&#13;&#10;      PythagoreanTriplet@45ac5f9b,&#13;&#10;      PythagoreanTriplet@135606db,&#13;&#10;      PythagoreanTriplet@518caac3,&#13;&#10;      PythagoreanTriplet@68034211,&#13;&#10;      PythagoreanTriplet@4f74980d,&#13;&#10;      PythagoreanTriplet@6c372fe6,&#13;&#10;      PythagoreanTriplet@58594a11,&#13;&#10;      PythagoreanTriplet@2a3888c1,&#13;&#10;      PythagoreanTriplet@4167d97b,&#13;&#10;      PythagoreanTriplet@14fa86ae,&#13;&#10;      PythagoreanTriplet@6e15fe2,&#13;&#10;      PythagoreanTriplet@68f1b17f,&#13;&#10;      PythagoreanTriplet@1722011b,&#13;&#10;      PythagoreanTriplet@57ad2aa7,&#13;&#10;      PythagoreanTriplet@5b3f61ff,&#13;&#10;      PythagoreanTriplet@3e2059ae,&#13;&#10;      PythagoreanTriplet@398dada8,&#13;&#10;      PythagoreanTriplet@7cb502c,&#13;&#10;      PythagoreanTriplet@275bf9b3,&#13;&#10;      PythagoreanTriplet@1b8a29df,&#13;&#10;      PythagoreanTriplet@4fbe37eb,&#13;&#10;      PythagoreanTriplet@12a94400]" type="org.opentest4j.AssertionFailedError">org.opentest4j.AssertionFailedError: 
expected: 
  [PythagoreanTriplet@6a47b187,
      PythagoreanTriplet@2049a9c1,
      PythagoreanTriplet@1ef6d34c,
      PythagoreanTriplet@46271dd6,
      PythagoreanTriplet@11bb571c]
 but was: 
  [PythagoreanTriplet@1863d2fe,
      PythagoreanTriplet@1787bc24,
      PythagoreanTriplet@544d57e,
      PythagoreanTriplet@55c53a33,
      PythagoreanTriplet@53b7f657,
      PythagoreanTriplet@797b0699,
      PythagoreanTriplet@5a37d3ed,
      PythagoreanTriplet@26df6e3a,
      PythagoreanTriplet@4a3631f8,
      PythagoreanTriplet@6b58b9e9,
      PythagoreanTriplet@f14a7d4,
      PythagoreanTriplet@52e7a6b2,
      PythagoreanTriplet@29a5f4e7,
      PythagoreanTriplet@79c97cb,
      PythagoreanTriplet@2d9caaeb,
      PythagoreanTriplet@42a15bdc,
      PythagoreanTriplet@44a59da3,
      PythagoreanTriplet@27e47833,
      PythagoreanTriplet@6f6745d6,
      PythagoreanTriplet@27508c5d,
      PythagoreanTriplet@4f704591,
      PythagoreanTriplet@4b5189ac,
      PythagoreanTriplet@1e4d3ce5,
      PythagoreanTriplet@3ddc6915,
      PythagoreanTriplet@704deff2,
      PythagoreanTriplet@379614be,
      PythagoreanTriplet@404bbcbd,
      PythagoreanTriplet@1e81f160,
      PythagoreanTriplet@1acaf3d,
      PythagoreanTriplet@6986852,
      PythagoreanTriplet@1bab8268,
      PythagoreanTriplet@a307a8c,
      PythagoreanTriplet@6e01f9b0,
      PythagoreanTriplet@2b9ed6da,
      PythagoreanTriplet@6c61a903,
      PythagoreanTriplet@658c5a19,
      PythagoreanTriplet@421e361,
      PythagoreanTriplet@59d4cd39,
      PythagoreanTriplet@389c4eb1,
      PythagoreanTriplet@3fc79729,
      PythagoreanTriplet@34f6515b,
      PythagoreanTriplet@4b34fff9,
      PythagoreanTriplet@1187c9e8,
      PythagoreanTriplet@127a7a2e,
      PythagoreanTriplet@14008db3,
      PythagoreanTriplet@78a773fd,
      PythagoreanTriplet@57c03d88,
      PythagoreanTriplet@16aa8654,
      PythagoreanTriplet@6d7fc27,
      PythagoreanTriplet@45ac5f9b,
      PythagoreanTriplet@135606db,
      PythagoreanTriplet@518caac3,
      PythagoreanTriplet@68034211,
      PythagoreanTriplet@4f74980d,
      PythagoreanTriplet@6c372fe6,
      PythagoreanTriplet@58594a11,
      PythagoreanTriplet@2a3888c1,
      PythagoreanTriplet@4167d97b,
      PythagoreanTriplet@14fa86ae,
      PythagoreanTriplet@6e15fe2,
      PythagoreanTriplet@68f1b17f,
      PythagoreanTriplet@1722011b,
      PythagoreanTriplet@57ad2aa7,
      PythagoreanTriplet@5b3f61ff,
      PythagoreanTriplet@3e2059ae,
      PythagoreanTriplet@398dada8,
      PythagoreanTriplet@7cb502c,
      PythagoreanTriplet@275bf9b3,
      PythagoreanTriplet@1b8a29df,
      PythagoreanTriplet@4fbe37eb,
      PythagoreanTriplet@12a94400]
	at java.base@18.0.1.1/jdk.internal.reflect.DirectConstructorHandleAccessor.newInstance(DirectConstructorHandleAccessor.java:67)
	at java.base@18.0.1.1/java.lang.reflect.Constructor.newInstanceWithCaller(Constructor.java:499)
	at app//PythagoreanTripletTest.tripletsWhoseSumIs840WithFactorsLessThanOrEqualTo370(PythagoreanTripletTest.java:115)
	at java.base@18.0.1.1/jdk.internal.reflect.DirectMethodHandleAccessor.invoke(DirectMethodHandleAccessor.java:104)
	at java.base@18.0.1.1/java.lang.reflect.Method.invoke(Method.java:577)
	at app//org.junit.platform.commons.util.ReflectionUtils.invokeMethod(ReflectionUtils.java:728)
	at app//org.junit.jupiter.engine.execution.MethodInvocation.proceed(MethodInvocation.java:60)
	at app//org.junit.jupiter.engine.execution.InvocationInterceptorChain$ValidatingInvocation.proceed(InvocationInterceptorChain.java:131)
	at app//org.junit.jupiter.engine.extension.TimeoutExtension.intercept(TimeoutExtension.java:156)
	at app//org.junit.jupiter.engine.extension.TimeoutExtension.interceptTestableMethod(TimeoutExtension.java:147)
	at app//org.junit.jupiter.engine.extension.TimeoutExtension.interceptTestMethod(TimeoutExtension.java:86)
	at app//org.junit.jupiter.engine.execution.InterceptingExecutableInvoker$ReflectiveInterceptorCall.lambda$ofVoidMethod$0(InterceptingExecutableInvoker.java:103)
	at app//org.junit.jupiter.engine.execution.InterceptingExecutableInvoker.lambda$invoke$0(InterceptingExecutableInvoker.java:93)
	at app//org.junit.jupiter.engine.execution.InvocationInterceptorChain$InterceptedInvocation.proceed(InvocationInterceptorChain.java:106)
	at app//org.junit.jupiter.engine.execution.InvocationInterceptorChain.proceed(InvocationInterceptorChain.java:64)
	at app//org.junit.jupiter.engine.execution.InvocationInterceptorChain.chainAndInvoke(InvocationInterceptorChain.java:45)
	at app//org.junit.jupiter.engine.execution.InvocationInterceptorChain.invoke(InvocationInterceptorChain.java:37)
	at app//org.junit.jupiter.engine.execution.InterceptingExecutableInvoker.invoke(InterceptingExecutableInvoker.java:92)
	at app//org.junit.jupiter.engine.execution.InterceptingExecutableInvoker.invoke(InterceptingExecutableInvoker.java:86)
	at app//org.junit.jupiter.engine.descriptor.TestMethodTestDescriptor.lambda$invokeTestMethod$7(TestMethodTestDescriptor.java:218)
	at app//org.junit.platform.engine.support.hierarchical.ThrowableCollector.execute(ThrowableCollector.java:73)
	at app//org.junit.jupiter.engine.descriptor.TestMethodTestDescriptor.invokeTestMethod(TestMethodTestDescriptor.java:214)
	at app//org.junit.jupiter.engine.descriptor.TestMethodTestDescriptor.execute(TestMethodTestDescriptor.java:139)
	at app//org.junit.jupiter.engine.descriptor.TestMethodTestDescriptor.execute(TestMethodTestDescriptor.java:69)
	at app//org.junit.platform.engine.support.hierarchical.NodeTestTask.lambda$executeRecursively$6(NodeTestTask.java:151)
	at app//org.junit.platform.engine.support.hierarchical.ThrowableCollector.execute(ThrowableCollector.java:73)
	at app//org.junit.platform.engine.support.hierarchical.NodeTestTask.lambda$executeRecursively$8(NodeTestTask.java:141)
	at app//org.junit.platform.engine.support.hierarchical.Node.around(Node.java:137)
	at app//org.junit.platform.engine.support.hierarchical.NodeTestTask.lambda$executeRecursively$9(NodeTestTask.java:139)
	at app//org.junit.platform.engine.support.hierarchical.ThrowableCollector.execute(ThrowableCollector.java:73)
	at app//org.junit.platform.engine.support.hierarchical.NodeTestTask.executeRecursively(NodeTestTask.java:138)
	at app//org.junit.platform.engine.support.hierarchical.NodeTestTask.execute(NodeTestTask.java:95)
	at java.base@18.0.1.1/java.util.ArrayList.forEach(ArrayList.java:1511)
	at app//org.junit.platform.engine.support.hierarchical.SameThreadHierarchicalTestExecutorService.invokeAll(SameThreadHierarchicalTestExecutorService.java:41)
	at app//org.junit.platform.engine.support.hierarchical.NodeTestTask.lambda$executeRecursively$6(NodeTestTask.java:155)
	at app//org.junit.platform.engine.support.hierarchical.ThrowableCollector.execute(ThrowableCollector.java:73)
	at app//org.junit.platform.engine.support.hierarchical.NodeTestTask.lambda$executeRecursively$8(NodeTestTask.java:141)
	at app//org.junit.platform.engine.support.hierarchical.Node.around(Node.java:137)
	at app//org.junit.platform.engine.support.hierarchical.NodeTestTask.lambda$executeRecursively$9(NodeTestTask.java:139)
	at app//org.junit.platform.engine.support.hierarchical.ThrowableCollector.execute(ThrowableCollector.java:73)
	at app//org.junit.platform.engine.support.hierarchical.NodeTestTask.executeRecursively(NodeTestTask.java:138)
	at app//org.junit.platform.engine.support.hierarchical.NodeTestTask.execute(NodeTestTask.java:95)
	at java.base@18.0.1.1/java.util.ArrayList.forEach(ArrayList.java:1511)
	at app//org.junit.platform.engine.support.hierarchical.SameThreadHierarchicalTestExecutorService.invokeAll(SameThreadHierarchicalTestExecutorService.java:41)
	at app//org.junit.platform.engine.support.hierarchical.NodeTestTask.lambda$executeRecursively$6(NodeTestTask.java:155)
	at app//org.junit.platform.engine.support.hierarchical.ThrowableCollector.execute(ThrowableCollector.java:73)
	at app//org.junit.platform.engine.support.hierarchical.NodeTestTask.lambda$executeRecursively$8(NodeTestTask.java:141)
	at app//org.junit.platform.engine.support.hierarchical.Node.around(Node.java:137)
	at app//org.junit.platform.engine.support.hierarchical.NodeTestTask.lambda$executeRecursively$9(NodeTestTask.java:139)
	at app//org.junit.platform.engine.support.hierarchical.ThrowableCollector.execute(ThrowableCollector.java:73)
	at app//org.junit.platform.engine.support.hierarchical.NodeTestTask.executeRecursively(NodeTestTask.java:138)
	at app//org.junit.platform.engine.support.hierarchical.NodeTestTask.execute(NodeTestTask.java:95)
	at app//org.junit.platform.engine.support.hierarchical.SameThreadHierarchicalTestExecutorService.submit(SameThreadHierarchicalTestExecutorService.java:35)
	at app//org.junit.platform.engine.support.hierarchical.HierarchicalTestExecutor.execute(HierarchicalTestExecutor.java:57)
	at app//org.junit.platform.engine.support.hierarchical.HierarchicalTestEngine.execute(HierarchicalTestEngine.java:54)
	at app//org.junit.platform.launcher.core.EngineExecutionOrchestrator.execute(EngineExecutionOrchestrator.java:107)
	at app//org.junit.platform.launcher.core.EngineExecutionOrchestrator.execute(EngineExecutionOrchestrator.java:88)
	at app//org.junit.platform.launcher.core.EngineExecutionOrchestrator.lambda$execute$0(EngineExecutionOrchestrator.java:54)
	at app//org.junit.platform.launcher.core.EngineExecutionOrchestrator.withInterceptedStreams(EngineExecutionOrchestrator.java:67)
	at app//org.junit.platform.launcher.core.EngineExecutionOrchestrator.execute(EngineExecutionOrchestrator.java:52)
	at app//org.junit.platform.launcher.core.DefaultLauncher.execute(DefaultLauncher.java:114)
	at app//org.junit.platform.launcher.core.DefaultLauncher.execute(DefaultLauncher.java:86)
	at app//org.junit.platform.launcher.core.DefaultLauncherSession$DelegatingLauncher.execute(DefaultLauncherSession.java:86)
	at org.gradle.api.internal.tasks.testing.junitplatform.JUnitPlatformTestClassProcessor$CollectAllTestClassesExecutor.processAllTestClasses(JUnitPlatformTestClassProcessor.java:119)
	at org.gradle.api.internal.tasks.testing.junitplatform.JUnitPlatformTestClassProcessor$CollectAllTestClassesExecutor.access$000(JUnitPlatformTestClassProcessor.java:94)
	at org.gradle.api.internal.tasks.testing.junitplatform.JUnitPlatformTestClassProcessor.stop(JUnitPlatformTestClassProcessor.java:89)
	at org.gradle.api.internal.tasks.testing.SuiteTestClassProcessor.stop(SuiteTestClassProcessor.java:62)
	at java.base@18.0.1.1/jdk.internal.reflect.DirectMethodHandleAccessor.invoke(DirectMethodHandleAccessor.java:104)
	at java.base@18.0.1.1/java.lang.reflect.Method.invoke(Method.java:577)
	at org.gradle.internal.dispatch.ReflectionDispatch.dispatch(ReflectionDispatch.java:36)
	at org.gradle.internal.dispatch.ReflectionDispatch.dispatch(ReflectionDispatch.java:24)
	at org.gradle.internal.dispatch.ContextClassLoaderDispatch.dispatch(ContextClassLoaderDispatch.java:33)
	at org.gradle.internal.dispatch.ProxyDispatchAdapter$DispatchingInvocationHandler.invoke(ProxyDispatchAdapter.java:94)
	at jdk.proxy1/jdk.proxy1.$Proxy2.stop(Unknown Source)
	at org.gradle.api.internal.tasks.testing.worker.TestWorker$3.run(TestWorker.java:193)
	at org.gradle.api.internal.tasks.testing.worker.TestWorker.executeAndMaintainThreadName(TestWorker.java:129)
	at org.gradle.api.internal.tasks.testing.worker.TestWorker.execute(TestWorker.java:100)
	at org.gradle.api.internal.tasks.testing.worker.TestWorker.execute(TestWorker.java:60)
	at org.gradle.process.internal.worker.child.ActionExecutionWorker.execute(ActionExecutionWorker.java:56)
	at org.gradle.process.internal.worker.child.SystemApplicationClassLoaderWorker.call(SystemApplicationClassLoaderWorker.java:113)
	at org.gradle.process.internal.worker.child.SystemApplicationClassLoaderWorker.call(SystemApplicationClassLoaderWorker.java:65)
	at app//worker.org.gradle.process.internal.worker.GradleWorkerMain.run(GradleWorkerMain.java:69)
	at app//worker.org.gradle.process.internal.worker.GradleWorkerMain.main(GradleWorkerMain.java:74)
</failure>
  </testcase>
  <testcase name="tripletsWhoseSumIs1000()" classname="PythagoreanTripletTest" time="0.022">
    <failure message="org.opentest4j.AssertionFailedError: &#13;&#10;expected: &#13;&#10;  [PythagoreanTriplet@5ddcc487]&#13;&#10; but was: &#13;&#10;  [PythagoreanTriplet@732d0d24,&#13;&#10;      PythagoreanTriplet@1fb19a0,&#13;&#10;      PythagoreanTriplet@6ee4d9ab,&#13;&#10;      PythagoreanTriplet@5a5338df,&#13;&#10;      PythagoreanTriplet@418c5a9c,&#13;&#10;      PythagoreanTriplet@18e36d14,&#13;&#10;      PythagoreanTriplet@5082d622,&#13;&#10;      PythagoreanTriplet@13d4992d,&#13;&#10;      PythagoreanTriplet@302f7971,&#13;&#10;      PythagoreanTriplet@332729ad,&#13;&#10;      PythagoreanTriplet@75d2da2d,&#13;&#10;      PythagoreanTriplet@4278284b,&#13;&#10;      PythagoreanTriplet@9573584,&#13;&#10;      PythagoreanTriplet@3370f42,&#13;&#10;      PythagoreanTriplet@6057aebb,&#13;&#10;      PythagoreanTriplet@63eef88a,&#13;&#10;      PythagoreanTriplet@53251a66,&#13;&#10;      PythagoreanTriplet@6853425f,&#13;&#10;      PythagoreanTriplet@352c1b98,&#13;&#10;      PythagoreanTriplet@21129f1f,&#13;&#10;      PythagoreanTriplet@5a9f4771,&#13;&#10;      PythagoreanTriplet@282cb7c7,&#13;&#10;      PythagoreanTriplet@7d898981,&#13;&#10;      PythagoreanTriplet@48d61b48,&#13;&#10;      PythagoreanTriplet@68d279ec,&#13;&#10;      PythagoreanTriplet@258d79be,&#13;&#10;      PythagoreanTriplet@14f9390f,&#13;&#10;      PythagoreanTriplet@6c0d7c83,&#13;&#10;      PythagoreanTriplet@176b75f7,&#13;&#10;      PythagoreanTriplet@5965be2d,&#13;&#10;      PythagoreanTriplet@409c54f,&#13;&#10;      PythagoreanTriplet@3e74829,&#13;&#10;      PythagoreanTriplet@4f6f416f,&#13;&#10;      PythagoreanTriplet@3b8f0a79,&#13;&#10;      PythagoreanTriplet@71e693fa,&#13;&#10;      PythagoreanTriplet@48793bef,&#13;&#10;      PythagoreanTriplet@7d286fb6,&#13;&#10;      PythagoreanTriplet@3eb77ea8,&#13;&#10;      PythagoreanTriplet@7b8b43c7,&#13;&#10;      PythagoreanTriplet@7aaca91a,&#13;&#10;      PythagoreanTriplet@44c73c26,&#13;&#10;      PythagoreanTriplet@41005828,&#13;&#10;      PythagoreanTriplet@60b4beb4,&#13;&#10;      PythagoreanTriplet@7fcf2fc1,&#13;&#10;      PythagoreanTriplet@2141a12,&#13;&#10;      PythagoreanTriplet@4196c360,&#13;&#10;      PythagoreanTriplet@41294f8,&#13;&#10;      PythagoreanTriplet@225129c,&#13;&#10;      PythagoreanTriplet@20435c40,&#13;&#10;      PythagoreanTriplet@573906eb,&#13;&#10;      PythagoreanTriplet@479ceda0,&#13;&#10;      PythagoreanTriplet@6d07a63d,&#13;&#10;      PythagoreanTriplet@571c5681,&#13;&#10;      PythagoreanTriplet@488d1cd7,&#13;&#10;      PythagoreanTriplet@68dc098b,&#13;&#10;      PythagoreanTriplet@38ba6ce3,&#13;&#10;      PythagoreanTriplet@d278d2b,&#13;&#10;      PythagoreanTriplet@2d6c53fc,&#13;&#10;      PythagoreanTriplet@25f4878b,&#13;&#10;      PythagoreanTriplet@4e423aa2,&#13;&#10;      PythagoreanTriplet@7fbdb894,&#13;&#10;      PythagoreanTriplet@3081f72c,&#13;&#10;      PythagoreanTriplet@3148f668,&#13;&#10;      PythagoreanTriplet@6e005dc9,&#13;&#10;      PythagoreanTriplet@7ceb3185,&#13;&#10;      PythagoreanTriplet@436c81a3,&#13;&#10;      PythagoreanTriplet@3561c410,&#13;&#10;      PythagoreanTriplet@59e32960,&#13;&#10;      PythagoreanTriplet@7c214cc0,&#13;&#10;      PythagoreanTriplet@5b67bb7e,&#13;&#10;      PythagoreanTriplet@609db546,&#13;&#10;      PythagoreanTriplet@20f5281c,&#13;&#10;      PythagoreanTriplet@56c4278e,&#13;&#10;      PythagoreanTriplet@301eda63,&#13;&#10;      PythagoreanTriplet@3d246ea3,&#13;&#10;      PythagoreanTriplet@341814d3,&#13;&#10;      PythagoreanTriplet@4397ad89,&#13;&#10;      PythagoreanTriplet@59cba5a,&#13;&#10;      PythagoreanTriplet@1bd39d3c,&#13;&#10;      PythagoreanTriplet@6f19ac19,&#13;&#10;      PythagoreanTriplet@119cbf96,&#13;&#10;      PythagoreanTriplet@71329995,&#13;&#10;      PythagoreanTriplet@768fc0f2,&#13;&#10;      PythagoreanTriplet@5454d35e,&#13;&#10;      PythagoreanTriplet@20c0a64d,&#13;&#10;      PythagoreanTriplet@455b6df1,&#13;&#10;      PythagoreanTriplet@4ddbbdf8,&#13;&#10;      PythagoreanTriplet@3f67593e,&#13;&#10;      PythagoreanTriplet@1ab06251,&#13;&#10;      PythagoreanTriplet@41ab013,&#13;&#10;      PythagoreanTriplet@14bee915,&#13;&#10;      PythagoreanTriplet@1115ec15,&#13;&#10;      PythagoreanTriplet@82ea68c,&#13;&#10;      PythagoreanTriplet@59e505b2,&#13;&#10;      PythagoreanTriplet@3af0a9da,&#13;&#10;      PythagoreanTriplet@43b9fd5,&#13;&#10;      PythagoreanTriplet@79dc5318,&#13;&#10;      PythagoreanTriplet@8e50104,&#13;&#10;      PythagoreanTriplet@37e4d7bb,&#13;&#10;      PythagoreanTriplet@6f7923a5,&#13;&#10;      PythagoreanTriplet@74a6f9c1,&#13;&#10;      PythagoreanTriplet@54eb2b70,&#13;&#10;      PythagoreanTriplet@45a37759,&#13;&#10;      PythagoreanTriplet@63611043,&#13;&#10;      PythagoreanTriplet@20ca951f,&#13;&#10;      PythagoreanTriplet@2d778add,&#13;&#10;      PythagoreanTriplet@73302995,&#13;&#10;      PythagoreanTriplet@1838ccb8,&#13;&#10;      PythagoreanTriplet@6c2ed0cd,&#13;&#10;      PythagoreanTriplet@7d9e8ef7,&#13;&#10;      PythagoreanTriplet@f107c50,&#13;&#10;      PythagoreanTriplet@51133c06,&#13;&#10;      PythagoreanTriplet@4b213651,&#13;&#10;      PythagoreanTriplet@4241e0f4,&#13;&#10;      PythagoreanTriplet@4ebff610,&#13;&#10;      PythagoreanTriplet@60410cd,&#13;&#10;      PythagoreanTriplet@44d52de2,&#13;&#10;      PythagoreanTriplet@95e33cc,&#13;&#10;      PythagoreanTriplet@38604b81,&#13;&#10;      PythagoreanTriplet@1e44b638,&#13;&#10;      PythagoreanTriplet@7393222f,&#13;&#10;      PythagoreanTriplet@babafc2,&#13;&#10;      PythagoreanTriplet@31add175,&#13;&#10;      PythagoreanTriplet@ae3540e,&#13;&#10;      PythagoreanTriplet@600b9d27,&#13;&#10;      PythagoreanTriplet@3688eb5b,&#13;&#10;      PythagoreanTriplet@69f1a286,&#13;&#10;      PythagoreanTriplet@7922d892,&#13;&#10;      PythagoreanTriplet@457c9034,&#13;&#10;      PythagoreanTriplet@345f69f3,&#13;&#10;      PythagoreanTriplet@50de186c,&#13;&#10;      PythagoreanTriplet@3f57bcad,&#13;&#10;      PythagoreanTriplet@1e8b7643,&#13;&#10;      PythagoreanTriplet@51549490,&#13;&#10;      PythagoreanTriplet@71e9ebae,&#13;&#10;      PythagoreanTriplet@73d983ea,&#13;&#10;      PythagoreanTriplet@36a5cabc,&#13;&#10;      PythagoreanTriplet@432038ec,&#13;&#10;      PythagoreanTriplet@7daa0fbd,&#13;&#10;      PythagoreanTriplet@42530531,&#13;&#10;      PythagoreanTriplet@5a3bc7ed,&#13;&#10;      PythagoreanTriplet@181e731e,&#13;&#10;      PythagoreanTriplet@35645047,&#13;&#10;      PythagoreanTriplet@6f44a157,&#13;&#10;      PythagoreanTriplet@6bc407fd,&#13;&#10;      PythagoreanTriplet@291f18,&#13;&#10;      PythagoreanTriplet@17d88132]" type="org.opentest4j.AssertionFailedError">org.opentest4j.AssertionFailedError: 
expected: 
  [PythagoreanTriplet@5ddcc487]
 but was: 
  [PythagoreanTriplet@732d0d24,
      PythagoreanTriplet@1fb19a0,
      PythagoreanTriplet@6ee4d9ab,
      PythagoreanTriplet@5a5338df,
      PythagoreanTriplet@418c5a9c,
      PythagoreanTriplet@18e36d14,
      PythagoreanTriplet@5082d622,
      PythagoreanTriplet@13d4992d,
      PythagoreanTriplet@302f7971,
      PythagoreanTriplet@332729ad,
      PythagoreanTriplet@75d2da2d,
      PythagoreanTriplet@4278284b,
      PythagoreanTriplet@9573584,
      PythagoreanTriplet@3370f42,
      PythagoreanTriplet@6057aebb,
      PythagoreanTriplet@63eef88a,
      PythagoreanTriplet@53251a66,
      PythagoreanTriplet@6853425f,
      PythagoreanTriplet@352c1b98,
      PythagoreanTriplet@21129f1f,
      PythagoreanTriplet@5a9f4771,
      PythagoreanTriplet@282cb7c7,
      PythagoreanTriplet@7d898981,
      PythagoreanTriplet@48d61b48,
      PythagoreanTriplet@68d279ec,
      PythagoreanTriplet@258d79be,
      PythagoreanTriplet@14f9390f,
      PythagoreanTriplet@6c0d7c83,
      PythagoreanTriplet@176b75f7,
      PythagoreanTriplet@5965be2d,
      PythagoreanTriplet@409c54f,
      PythagoreanTriplet@3e74829,
      PythagoreanTriplet@4f6f416f,
      PythagoreanTriplet@3b8f0a79,
      PythagoreanTriplet@71e693fa,
      PythagoreanTriplet@48793bef,
      PythagoreanTriplet@7d286fb6,
      PythagoreanTriplet@3eb77ea8,
      PythagoreanTriplet@7b8b43c7,
      PythagoreanTriplet@7aaca91a,
      PythagoreanTriplet@44c73c26,
      PythagoreanTriplet@41005828,
      PythagoreanTriplet@60b4beb4,
      PythagoreanTriplet@7fcf2fc1,
      PythagoreanTriplet@2141a12,
      PythagoreanTriplet@4196c360,
      PythagoreanTriplet@41294f8,
      PythagoreanTriplet@225129c,
      PythagoreanTriplet@20435c40,
      PythagoreanTriplet@573906eb,
      PythagoreanTriplet@479ceda0,
      PythagoreanTriplet@6d07a63d,
      PythagoreanTriplet@571c5681,
      PythagoreanTriplet@488d1cd7,
      PythagoreanTriplet@68dc098b,
      PythagoreanTriplet@38ba6ce3,
      PythagoreanTriplet@d278d2b,
      PythagoreanTriplet@2d6c53fc,
      PythagoreanTriplet@25f4878b,
      PythagoreanTriplet@4e423aa2,
      PythagoreanTriplet@7fbdb894,
      PythagoreanTriplet@3081f72c,
      PythagoreanTriplet@3148f668,
      PythagoreanTriplet@6e005dc9,
      PythagoreanTriplet@7ceb3185,
      PythagoreanTriplet@436c81a3,
      PythagoreanTriplet@3561c410,
      PythagoreanTriplet@59e32960,
      PythagoreanTriplet@7c214cc0,
      PythagoreanTriplet@5b67bb7e,
      PythagoreanTriplet@609db546,
      PythagoreanTriplet@20f5281c,
      PythagoreanTriplet@56c4278e,
      PythagoreanTriplet@301eda63,
      PythagoreanTriplet@3d246ea3,
      PythagoreanTriplet@341814d3,
      PythagoreanTriplet@4397ad89,
      PythagoreanTriplet@59cba5a,
      PythagoreanTriplet@1bd39d3c,
      PythagoreanTriplet@6f19ac19,
      PythagoreanTriplet@119cbf96,
      PythagoreanTriplet@71329995,
      PythagoreanTriplet@768fc0f2,
      PythagoreanTriplet@5454d35e,
      PythagoreanTriplet@20c0a64d,
      PythagoreanTriplet@455b6df1,
      PythagoreanTriplet@4ddbbdf8,
      PythagoreanTriplet@3f67593e,
      PythagoreanTriplet@1ab06251,
      PythagoreanTriplet@41ab013,
      PythagoreanTriplet@14bee915,
      PythagoreanTriplet@1115ec15,
      PythagoreanTriplet@82ea68c,
      PythagoreanTriplet@59e505b2,
      PythagoreanTriplet@3af0a9da,
      PythagoreanTriplet@43b9fd5,
      PythagoreanTriplet@79dc5318,
      PythagoreanTriplet@8e50104,
      PythagoreanTriplet@37e4d7bb,
      PythagoreanTriplet@6f7923a5,
      PythagoreanTriplet@74a6f9c1,
      PythagoreanTriplet@54eb2b70,
      PythagoreanTriplet@45a37759,
      PythagoreanTriplet@63611043,
      PythagoreanTriplet@20ca951f,
      PythagoreanTriplet@2d778add,
      PythagoreanTriplet@73302995,
      PythagoreanTriplet@1838ccb8,
      PythagoreanTriplet@6c2ed0cd,
      PythagoreanTriplet@7d9e8ef7,
      PythagoreanTriplet@f107c50,
      PythagoreanTriplet@51133c06,
      PythagoreanTriplet@4b213651,
      PythagoreanTriplet@4241e0f4,
      PythagoreanTriplet@4ebff610,
      PythagoreanTriplet@60410cd,
      PythagoreanTriplet@44d52de2,
      PythagoreanTriplet@95e33cc,
      PythagoreanTriplet@38604b81,
      PythagoreanTriplet@1e44b638,
      PythagoreanTriplet@7393222f,
      PythagoreanTriplet@babafc2,
      PythagoreanTriplet@31add175,
      PythagoreanTriplet@ae3540e,
      PythagoreanTriplet@600b9d27,
      PythagoreanTriplet@3688eb5b,
      PythagoreanTriplet@69f1a286,
      PythagoreanTriplet@7922d892,
      PythagoreanTriplet@457c9034,
      PythagoreanTriplet@345f69f3,
      PythagoreanTriplet@50de186c,
      PythagoreanTriplet@3f57bcad,
      PythagoreanTriplet@1e8b7643,
      PythagoreanTriplet@51549490,
      PythagoreanTriplet@71e9ebae,
      PythagoreanTriplet@73d983ea,
      PythagoreanTriplet@36a5cabc,
      PythagoreanTriplet@432038ec,
      PythagoreanTriplet@7daa0fbd,
      PythagoreanTriplet@42530531,
      PythagoreanTriplet@5a3bc7ed,
      PythagoreanTriplet@181e731e,
      PythagoreanTriplet@35645047,
      PythagoreanTriplet@6f44a157,
      PythagoreanTriplet@6bc407fd,
      PythagoreanTriplet@291f18,
      PythagoreanTriplet@17d88132]
	at java.base@18.0.1.1/jdk.internal.reflect.DirectConstructorHandleAccessor.newInstance(DirectConstructorHandleAccessor.java:67)
	at java.base@18.0.1.1/java.lang.reflect.Constructor.newInstanceWithCaller(Constructor.java:499)
	at app//PythagoreanTripletTest.tripletsWhoseSumIs1000(PythagoreanTripletTest.java:48)
	at java.base@18.0.1.1/jdk.internal.reflect.DirectMethodHandleAccessor.invoke(DirectMethodHandleAccessor.java:104)
	at java.base@18.0.1.1/java.lang.reflect.Method.invoke(Method.java:577)
	at app//org.junit.platform.commons.util.ReflectionUtils.invokeMethod(ReflectionUtils.java:728)
	at app//org.junit.jupiter.engine.execution.MethodInvocation.proceed(MethodInvocation.java:60)
	at app//org.junit.jupiter.engine.execution.InvocationInterceptorChain$ValidatingInvocation.proceed(InvocationInterceptorChain.java:131)
	at app//org.junit.jupiter.engine.extension.TimeoutExtension.intercept(TimeoutExtension.java:156)
	at app//org.junit.jupiter.engine.extension.TimeoutExtension.interceptTestableMethod(TimeoutExtension.java:147)
	at app//org.junit.jupiter.engine.extension.TimeoutExtension.interceptTestMethod(TimeoutExtension.java:86)
	at app//org.junit.jupiter.engine.execution.InterceptingExecutableInvoker$ReflectiveInterceptorCall.lambda$ofVoidMethod$0(InterceptingExecutableInvoker.java:103)
	at app//org.junit.jupiter.engine.execution.InterceptingExecutableInvoker.lambda$invoke$0(InterceptingExecutableInvoker.java:93)
	at app//org.junit.jupiter.engine.execution.InvocationInterceptorChain$InterceptedInvocation.proceed(InvocationInterceptorChain.java:106)
	at app//org.junit.jupiter.engine.execution.InvocationInterceptorChain.proceed(InvocationInterceptorChain.java:64)
	at app//org.junit.jupiter.engine.execution.InvocationInterceptorChain.chainAndInvoke(InvocationInterceptorChain.java:45)
	at app//org.junit.jupiter.engine.execution.InvocationInterceptorChain.invoke(InvocationInterceptorChain.java:37)
	at app//org.junit.jupiter.engine.execution.InterceptingExecutableInvoker.invoke(InterceptingExecutableInvoker.java:92)
	at app//org.junit.jupiter.engine.execution.InterceptingExecutableInvoker.invoke(InterceptingExecutableInvoker.java:86)
	at app//org.junit.jupiter.engine.descriptor.TestMethodTestDescriptor.lambda$invokeTestMethod$7(TestMethodTestDescriptor.java:218)
	at app//org.junit.platform.engine.support.hierarchical.ThrowableCollector.execute(ThrowableCollector.java:73)
	at app//org.junit.jupiter.engine.descriptor.TestMethodTestDescriptor.invokeTestMethod(TestMethodTestDescriptor.java:214)
	at app//org.junit.jupiter.engine.descriptor.TestMethodTestDescriptor.execute(TestMethodTestDescriptor.java:139)
	at app//org.junit.jupiter.engine.descriptor.TestMethodTestDescriptor.execute(TestMethodTestDescriptor.java:69)
	at app//org.junit.platform.engine.support.hierarchical.NodeTestTask.lambda$executeRecursively$6(NodeTestTask.java:151)
	at app//org.junit.platform.engine.support.hierarchical.ThrowableCollector.execute(ThrowableCollector.java:73)
	at app//org.junit.platform.engine.support.hierarchical.NodeTestTask.lambda$executeRecursively$8(NodeTestTask.java:141)
	at app//org.junit.platform.engine.support.hierarchical.Node.around(Node.java:137)
	at app//org.junit.platform.engine.support.hierarchical.NodeTestTask.lambda$executeRecursively$9(NodeTestTask.java:139)
	at app//org.junit.platform.engine.support.hierarchical.ThrowableCollector.execute(ThrowableCollector.java:73)
	at app//org.junit.platform.engine.support.hierarchical.NodeTestTask.executeRecursively(NodeTestTask.java:138)
	at app//org.junit.platform.engine.support.hierarchical.NodeTestTask.execute(NodeTestTask.java:95)
	at java.base@18.0.1.1/java.util.ArrayList.forEach(ArrayList.java:1511)
	at app//org.junit.platform.engine.support.hierarchical.SameThreadHierarchicalTestExecutorService.invokeAll(SameThreadHierarchicalTestExecutorService.java:41)
	at app//org.junit.platform.engine.support.hierarchical.NodeTestTask.lambda$executeRecursively$6(NodeTestTask.java:155)
	at app//org.junit.platform.engine.support.hierarchical.ThrowableCollector.execute(ThrowableCollector.java:73)
	at app//org.junit.platform.engine.support.hierarchical.NodeTestTask.lambda$executeRecursively$8(NodeTestTask.java:141)
	at app//org.junit.platform.engine.support.hierarchical.Node.around(Node.java:137)
	at app//org.junit.platform.engine.support.hierarchical.NodeTestTask.lambda$executeRecursively$9(NodeTestTask.java:139)
	at app//org.junit.platform.engine.support.hierarchical.ThrowableCollector.execute(ThrowableCollector.java:73)
	at app//org.junit.platform.engine.support.hierarchical.NodeTestTask.executeRecursively(NodeTestTask.java:138)
	at app//org.junit.platform.engine.support.hierarchical.NodeTestTask.execute(NodeTestTask.java:95)
	at java.base@18.0.1.1/java.util.ArrayList.forEach(ArrayList.java:1511)
	at app//org.junit.platform.engine.support.hierarchical.SameThreadHierarchicalTestExecutorService.invokeAll(SameThreadHierarchicalTestExecutorService.java:41)
	at app//org.junit.platform.engine.support.hierarchical.NodeTestTask.lambda$executeRecursively$6(NodeTestTask.java:155)
	at app//org.junit.platform.engine.support.hierarchical.ThrowableCollector.execute(ThrowableCollector.java:73)
	at app//org.junit.platform.engine.support.hierarchical.NodeTestTask.lambda$executeRecursively$8(NodeTestTask.java:141)
	at app//org.junit.platform.engine.support.hierarchical.Node.around(Node.java:137)
	at app//org.junit.platform.engine.support.hierarchical.NodeTestTask.lambda$executeRecursively$9(NodeTestTask.java:139)
	at app//org.junit.platform.engine.support.hierarchical.ThrowableCollector.execute(ThrowableCollector.java:73)
	at app//org.junit.platform.engine.support.hierarchical.NodeTestTask.executeRecursively(NodeTestTask.java:138)
	at app//org.junit.platform.engine.support.hierarchical.NodeTestTask.execute(NodeTestTask.java:95)
	at app//org.junit.platform.engine.support.hierarchical.SameThreadHierarchicalTestExecutorService.submit(SameThreadHierarchicalTestExecutorService.java:35)
	at app//org.junit.platform.engine.support.hierarchical.HierarchicalTestExecutor.execute(HierarchicalTestExecutor.java:57)
	at app//org.junit.platform.engine.support.hierarchical.HierarchicalTestEngine.execute(HierarchicalTestEngine.java:54)
	at app//org.junit.platform.launcher.core.EngineExecutionOrchestrator.execute(EngineExecutionOrchestrator.java:107)
	at app//org.junit.platform.launcher.core.EngineExecutionOrchestrator.execute(EngineExecutionOrchestrator.java:88)
	at app//org.junit.platform.launcher.core.EngineExecutionOrchestrator.lambda$execute$0(EngineExecutionOrchestrator.java:54)
	at app//org.junit.platform.launcher.core.EngineExecutionOrchestrator.withInterceptedStreams(EngineExecutionOrchestrator.java:67)
	at app//org.junit.platform.launcher.core.EngineExecutionOrchestrator.execute(EngineExecutionOrchestrator.java:52)
	at app//org.junit.platform.launcher.core.DefaultLauncher.execute(DefaultLauncher.java:114)
	at app//org.junit.platform.launcher.core.DefaultLauncher.execute(DefaultLauncher.java:86)
	at app//org.junit.platform.launcher.core.DefaultLauncherSession$DelegatingLauncher.execute(DefaultLauncherSession.java:86)
	at org.gradle.api.internal.tasks.testing.junitplatform.JUnitPlatformTestClassProcessor$CollectAllTestClassesExecutor.processAllTestClasses(JUnitPlatformTestClassProcessor.java:119)
	at org.gradle.api.internal.tasks.testing.junitplatform.JUnitPlatformTestClassProcessor$CollectAllTestClassesExecutor.access$000(JUnitPlatformTestClassProcessor.java:94)
	at org.gradle.api.internal.tasks.testing.junitplatform.JUnitPlatformTestClassProcessor.stop(JUnitPlatformTestClassProcessor.java:89)
	at org.gradle.api.internal.tasks.testing.SuiteTestClassProcessor.stop(SuiteTestClassProcessor.java:62)
	at java.base@18.0.1.1/jdk.internal.reflect.DirectMethodHandleAccessor.invoke(DirectMethodHandleAccessor.java:104)
	at java.base@18.0.1.1/java.lang.reflect.Method.invoke(Method.java:577)
	at org.gradle.internal.dispatch.ReflectionDispatch.dispatch(ReflectionDispatch.java:36)
	at org.gradle.internal.dispatch.ReflectionDispatch.dispatch(ReflectionDispatch.java:24)
	at org.gradle.internal.dispatch.ContextClassLoaderDispatch.dispatch(ContextClassLoaderDispatch.java:33)
	at org.gradle.internal.dispatch.ProxyDispatchAdapter$DispatchingInvocationHandler.invoke(ProxyDispatchAdapter.java:94)
	at jdk.proxy1/jdk.proxy1.$Proxy2.stop(Unknown Source)
	at org.gradle.api.internal.tasks.testing.worker.TestWorker$3.run(TestWorker.java:193)
	at org.gradle.api.internal.tasks.testing.worker.TestWorker.executeAndMaintainThreadName(TestWorker.java:129)
	at org.gradle.api.internal.tasks.testing.worker.TestWorker.execute(TestWorker.java:100)
	at org.gradle.api.internal.tasks.testing.worker.TestWorker.execute(TestWorker.java:60)
	at org.gradle.process.internal.worker.child.ActionExecutionWorker.execute(ActionExecutionWorker.java:56)
	at org.gradle.process.internal.worker.child.SystemApplicationClassLoaderWorker.call(SystemApplicationClassLoaderWorker.java:113)
	at org.gradle.process.internal.worker.child.SystemApplicationClassLoaderWorker.call(SystemApplicationClassLoaderWorker.java:65)
	at app//worker.org.gradle.process.internal.worker.GradleWorkerMain.run(GradleWorkerMain.java:69)
	at app//worker.org.gradle.process.internal.worker.GradleWorkerMain.main(GradleWorkerMain.java:74)
</failure>
  </testcase>
  <testcase name="tripletsWhoseSumIs1001()" classname="PythagoreanTripletTest" time="0.017">
    <failure message="org.opentest4j.AssertionFailedError: &#13;&#10;expected: &#13;&#10;  []&#13;&#10; but was: &#13;&#10;  [PythagoreanTriplet@36b4091c,&#13;&#10;      PythagoreanTriplet@4671115f,&#13;&#10;      PythagoreanTriplet@36cda2c2,&#13;&#10;      PythagoreanTriplet@3697186,&#13;&#10;      PythagoreanTriplet@1583741e,&#13;&#10;      PythagoreanTriplet@5b367418,&#13;&#10;      PythagoreanTriplet@36060e,&#13;&#10;      PythagoreanTriplet@481ba2cf,&#13;&#10;      PythagoreanTriplet@46b61c56,&#13;&#10;      PythagoreanTriplet@2e48362c,&#13;&#10;      PythagoreanTriplet@1efe439d,&#13;&#10;      PythagoreanTriplet@be68757,&#13;&#10;      PythagoreanTriplet@7d446ed1,&#13;&#10;      PythagoreanTriplet@12d2ce03,&#13;&#10;      PythagoreanTriplet@7e5c856f,&#13;&#10;      PythagoreanTriplet@413f69cc,&#13;&#10;      PythagoreanTriplet@1f53a5dc,&#13;&#10;      PythagoreanTriplet@1b75c2e3,&#13;&#10;      PythagoreanTriplet@1984b1f,&#13;&#10;      PythagoreanTriplet@3bd323e9,&#13;&#10;      PythagoreanTriplet@39ac0c0a,&#13;&#10;      PythagoreanTriplet@c7ba306,&#13;&#10;      PythagoreanTriplet@4ff8d125,&#13;&#10;      PythagoreanTriplet@6d167f58,&#13;&#10;      PythagoreanTriplet@3403e2ac,&#13;&#10;      PythagoreanTriplet@65b104b9,&#13;&#10;      PythagoreanTriplet@6c4980d3,&#13;&#10;      PythagoreanTriplet@327bcebd,&#13;&#10;      PythagoreanTriplet@19c65cdc,&#13;&#10;      PythagoreanTriplet@74bf1791,&#13;&#10;      PythagoreanTriplet@54504ecd,&#13;&#10;      PythagoreanTriplet@38b27cdc,&#13;&#10;      PythagoreanTriplet@1339e7aa,&#13;&#10;      PythagoreanTriplet@1fb669c3,&#13;&#10;      PythagoreanTriplet@49c66ade,&#13;&#10;      PythagoreanTriplet@6239aba6,&#13;&#10;      PythagoreanTriplet@3e6104fc,&#13;&#10;      PythagoreanTriplet@12359a82,&#13;&#10;      PythagoreanTriplet@68df9280,&#13;&#10;      PythagoreanTriplet@479460a6,&#13;&#10;      PythagoreanTriplet@7164ca4c,&#13;&#10;      PythagoreanTriplet@4f3bbf68,&#13;&#10;      PythagoreanTriplet@5be46f9d,&#13;&#10;      PythagoreanTriplet@3f91b517,&#13;&#10;      PythagoreanTriplet@68702e03,&#13;&#10;      PythagoreanTriplet@7a220c9a,&#13;&#10;      PythagoreanTriplet@2421cc4,&#13;&#10;      PythagoreanTriplet@30c93896,&#13;&#10;      PythagoreanTriplet@59a008ba,&#13;&#10;      PythagoreanTriplet@338c99c8,&#13;&#10;      PythagoreanTriplet@21ba0741,&#13;&#10;      PythagoreanTriplet@58ce9668,&#13;&#10;      PythagoreanTriplet@172b013,&#13;&#10;      PythagoreanTriplet@56673b2c,&#13;&#10;      PythagoreanTriplet@2796aeae,&#13;&#10;      PythagoreanTriplet@b4711e2,&#13;&#10;      PythagoreanTriplet@1fa1cab1,&#13;&#10;      PythagoreanTriplet@70f02c32,&#13;&#10;      PythagoreanTriplet@62010f5c,&#13;&#10;      PythagoreanTriplet@51fadaff,&#13;&#10;      PythagoreanTriplet@401f7633,&#13;&#10;      PythagoreanTriplet@31ff43be,&#13;&#10;      PythagoreanTriplet@5b6ec132,&#13;&#10;      PythagoreanTriplet@5c44c582,&#13;&#10;      PythagoreanTriplet@67d18ed7,&#13;&#10;      PythagoreanTriplet@2c78d320,&#13;&#10;      PythagoreanTriplet@132e0cc,&#13;&#10;      PythagoreanTriplet@7b205dbd,&#13;&#10;      PythagoreanTriplet@106cc338,&#13;&#10;      PythagoreanTriplet@7a67e3c6,&#13;&#10;      PythagoreanTriplet@6cc558c6,&#13;&#10;      PythagoreanTriplet@15713d56,&#13;&#10;      PythagoreanTriplet@63f259c3,&#13;&#10;      PythagoreanTriplet@26ceffa8,&#13;&#10;      PythagoreanTriplet@600b90df,&#13;&#10;      PythagoreanTriplet@7c8c9a05,&#13;&#10;      PythagoreanTriplet@d41f816,&#13;&#10;      PythagoreanTriplet@5c2375a9,&#13;&#10;      PythagoreanTriplet@60129b9a,&#13;&#10;      PythagoreanTriplet@78d6692f,&#13;&#10;      PythagoreanTriplet@7a55af6b,&#13;&#10;      PythagoreanTriplet@3d9c13b5,&#13;&#10;      PythagoreanTriplet@492691d7,&#13;&#10;      PythagoreanTriplet@27216cd,&#13;&#10;      PythagoreanTriplet@558bdf1f,&#13;&#10;      PythagoreanTriplet@8576fa0,&#13;&#10;      PythagoreanTriplet@7582ff54,&#13;&#10;      PythagoreanTriplet@67545b57,&#13;&#10;      PythagoreanTriplet@6c2c1385,&#13;&#10;      PythagoreanTriplet@5f354bcf,&#13;&#10;      PythagoreanTriplet@3daf7722,&#13;&#10;      PythagoreanTriplet@78641d23,&#13;&#10;      PythagoreanTriplet@74589991,&#13;&#10;      PythagoreanTriplet@146dfe6,&#13;&#10;      PythagoreanTriplet@4716be8b,&#13;&#10;      PythagoreanTriplet@1fc32e4f,&#13;&#10;      PythagoreanTriplet@2f67b837,&#13;&#10;      PythagoreanTriplet@1869fbd2,&#13;&#10;      PythagoreanTriplet@6af9fcb2,&#13;&#10;      PythagoreanTriplet@6cce16f4,&#13;&#10;      PythagoreanTriplet@7efaad5a,&#13;&#10;      PythagoreanTriplet@291a7e3c,&#13;&#10;      PythagoreanTriplet@ca30bc1,&#13;&#10;      PythagoreanTriplet@1046d517,&#13;&#10;      PythagoreanTriplet@3b7d3a38,&#13;&#10;      PythagoreanTriplet@416c58f5,&#13;&#10;      PythagoreanTriplet@5505ae1a,&#13;&#10;      PythagoreanTriplet@73cd37c0,&#13;&#10;      PythagoreanTriplet@21337f7b,&#13;&#10;      PythagoreanTriplet@2bb3058,&#13;&#10;      PythagoreanTriplet@7a362b6b,&#13;&#10;      PythagoreanTriplet@60df60da,&#13;&#10;      PythagoreanTriplet@5a2d131d,&#13;&#10;      PythagoreanTriplet@14fc1f0,&#13;&#10;      PythagoreanTriplet@4ae9cfc1,&#13;&#10;      PythagoreanTriplet@512baff6,&#13;&#10;      PythagoreanTriplet@632ceb35,&#13;&#10;      PythagoreanTriplet@1c93f6e1,&#13;&#10;      PythagoreanTriplet@1800a575,&#13;&#10;      PythagoreanTriplet@1458ed9c,&#13;&#10;      PythagoreanTriplet@10a9d961,&#13;&#10;      PythagoreanTriplet@130e116b,&#13;&#10;      PythagoreanTriplet@e383572,&#13;&#10;      PythagoreanTriplet@5ddf0d24,&#13;&#10;      PythagoreanTriplet@363a52f,&#13;&#10;      PythagoreanTriplet@60856961]" type="org.opentest4j.AssertionFailedError">org.opentest4j.AssertionFailedError: 
expected: 
  []
 but was: 
  [PythagoreanTriplet@36b4091c,
      PythagoreanTriplet@4671115f,
      PythagoreanTriplet@36cda2c2,
      PythagoreanTriplet@3697186,
      PythagoreanTriplet@1583741e,
      PythagoreanTriplet@5b367418,
      PythagoreanTriplet@36060e,
      PythagoreanTriplet@481ba2cf,
      PythagoreanTriplet@46b61c56,
      PythagoreanTriplet@2e48362c,
      PythagoreanTriplet@1efe439d,
      PythagoreanTriplet@be68757,
      PythagoreanTriplet@7d446ed1,
      PythagoreanTriplet@12d2ce03,
      PythagoreanTriplet@7e5c856f,
      PythagoreanTriplet@413f69cc,
      PythagoreanTriplet@1f53a5dc,
      PythagoreanTriplet@1b75c2e3,
      PythagoreanTriplet@1984b1f,
      PythagoreanTriplet@3bd323e9,
      PythagoreanTriplet@39ac0c0a,
      PythagoreanTriplet@c7ba306,
      PythagoreanTriplet@4ff8d125,
      PythagoreanTriplet@6d167f58,
      PythagoreanTriplet@3403e2ac,
      PythagoreanTriplet@65b104b9,
      PythagoreanTriplet@6c4980d3,
      PythagoreanTriplet@327bcebd,
      PythagoreanTriplet@19c65cdc,
      PythagoreanTriplet@74bf1791,
      PythagoreanTriplet@54504ecd,
      PythagoreanTriplet@38b27cdc,
      PythagoreanTriplet@1339e7aa,
      PythagoreanTriplet@1fb669c3,
      PythagoreanTriplet@49c66ade,
      PythagoreanTriplet@6239aba6,
      PythagoreanTriplet@3e6104fc,
      PythagoreanTriplet@12359a82,
      PythagoreanTriplet@68df9280,
      PythagoreanTriplet@479460a6,
      PythagoreanTriplet@7164ca4c,
      PythagoreanTriplet@4f3bbf68,
      PythagoreanTriplet@5be46f9d,
      PythagoreanTriplet@3f91b517,
      PythagoreanTriplet@68702e03,
      PythagoreanTriplet@7a220c9a,
      PythagoreanTriplet@2421cc4,
      PythagoreanTriplet@30c93896,
      PythagoreanTriplet@59a008ba,
      PythagoreanTriplet@338c99c8,
      PythagoreanTriplet@21ba0741,
      PythagoreanTriplet@58ce9668,
      PythagoreanTriplet@172b013,
      PythagoreanTriplet@56673b2c,
      PythagoreanTriplet@2796aeae,
      PythagoreanTriplet@b4711e2,
      PythagoreanTriplet@1fa1cab1,
      PythagoreanTriplet@70f02c32,
      PythagoreanTriplet@62010f5c,
      PythagoreanTriplet@51fadaff,
      PythagoreanTriplet@401f7633,
      PythagoreanTriplet@31ff43be,
      PythagoreanTriplet@5b6ec132,
      PythagoreanTriplet@5c44c582,
      PythagoreanTriplet@67d18ed7,
      PythagoreanTriplet@2c78d320,
      PythagoreanTriplet@132e0cc,
      PythagoreanTriplet@7b205dbd,
      PythagoreanTriplet@106cc338,
      PythagoreanTriplet@7a67e3c6,
      PythagoreanTriplet@6cc558c6,
      PythagoreanTriplet@15713d56,
      PythagoreanTriplet@63f259c3,
      PythagoreanTriplet@26ceffa8,
      PythagoreanTriplet@600b90df,
      PythagoreanTriplet@7c8c9a05,
      PythagoreanTriplet@d41f816,
      PythagoreanTriplet@5c2375a9,
      PythagoreanTriplet@60129b9a,
      PythagoreanTriplet@78d6692f,
      PythagoreanTriplet@7a55af6b,
      PythagoreanTriplet@3d9c13b5,
      PythagoreanTriplet@492691d7,
      PythagoreanTriplet@27216cd,
      PythagoreanTriplet@558bdf1f,
      PythagoreanTriplet@8576fa0,
      PythagoreanTriplet@7582ff54,
      PythagoreanTriplet@67545b57,
      PythagoreanTriplet@6c2c1385,
      PythagoreanTriplet@5f354bcf,
      PythagoreanTriplet@3daf7722,
      PythagoreanTriplet@78641d23,
      PythagoreanTriplet@74589991,
      PythagoreanTriplet@146dfe6,
      PythagoreanTriplet@4716be8b,
      PythagoreanTriplet@1fc32e4f,
      PythagoreanTriplet@2f67b837,
      PythagoreanTriplet@1869fbd2,
      PythagoreanTriplet@6af9fcb2,
      PythagoreanTriplet@6cce16f4,
      PythagoreanTriplet@7efaad5a,
      PythagoreanTriplet@291a7e3c,
      PythagoreanTriplet@ca30bc1,
      PythagoreanTriplet@1046d517,
      PythagoreanTriplet@3b7d3a38,
      PythagoreanTriplet@416c58f5,
      PythagoreanTriplet@5505ae1a,
      PythagoreanTriplet@73cd37c0,
      PythagoreanTriplet@21337f7b,
      PythagoreanTriplet@2bb3058,
      PythagoreanTriplet@7a362b6b,
      PythagoreanTriplet@60df60da,
      PythagoreanTriplet@5a2d131d,
      PythagoreanTriplet@14fc1f0,
      PythagoreanTriplet@4ae9cfc1,
      PythagoreanTriplet@512baff6,
      PythagoreanTriplet@632ceb35,
      PythagoreanTriplet@1c93f6e1,
      PythagoreanTriplet@1800a575,
      PythagoreanTriplet@1458ed9c,
      PythagoreanTriplet@10a9d961,
      PythagoreanTriplet@130e116b,
      PythagoreanTriplet@e383572,
      PythagoreanTriplet@5ddf0d24,
      PythagoreanTriplet@363a52f,
      PythagoreanTriplet@60856961]
	at java.base@18.0.1.1/jdk.internal.reflect.DirectConstructorHandleAccessor.newInstance(DirectConstructorHandleAccessor.java:67)
	at java.base@18.0.1.1/java.lang.reflect.Constructor.newInstanceWithCaller(Constructor.java:499)
	at app//PythagoreanTripletTest.tripletsWhoseSumIs1001(PythagoreanTripletTest.java:60)
	at java.base@18.0.1.1/jdk.internal.reflect.DirectMethodHandleAccessor.invoke(DirectMethodHandleAccessor.java:104)
	at java.base@18.0.1.1/java.lang.reflect.Method.invoke(Method.java:577)
	at app//org.junit.platform.commons.util.ReflectionUtils.invokeMethod(ReflectionUtils.java:728)
	at app//org.junit.jupiter.engine.execution.MethodInvocation.proceed(MethodInvocation.java:60)
	at app//org.junit.jupiter.engine.execution.InvocationInterceptorChain$ValidatingInvocation.proceed(InvocationInterceptorChain.java:131)
	at app//org.junit.jupiter.engine.extension.TimeoutExtension.intercept(TimeoutExtension.java:156)
	at app//org.junit.jupiter.engine.extension.TimeoutExtension.interceptTestableMethod(TimeoutExtension.java:147)
	at app//org.junit.jupiter.engine.extension.TimeoutExtension.interceptTestMethod(TimeoutExtension.java:86)
	at app//org.junit.jupiter.engine.execution.InterceptingExecutableInvoker$ReflectiveInterceptorCall.lambda$ofVoidMethod$0(InterceptingExecutableInvoker.java:103)
	at app//org.junit.jupiter.engine.execution.InterceptingExecutableInvoker.lambda$invoke$0(InterceptingExecutableInvoker.java:93)
	at app//org.junit.jupiter.engine.execution.InvocationInterceptorChain$InterceptedInvocation.proceed(InvocationInterceptorChain.java:106)
	at app//org.junit.jupiter.engine.execution.InvocationInterceptorChain.proceed(InvocationInterceptorChain.java:64)
	at app//org.junit.jupiter.engine.execution.InvocationInterceptorChain.chainAndInvoke(InvocationInterceptorChain.java:45)
	at app//org.junit.jupiter.engine.execution.InvocationInterceptorChain.invoke(InvocationInterceptorChain.java:37)
	at app//org.junit.jupiter.engine.execution.InterceptingExecutableInvoker.invoke(InterceptingExecutableInvoker.java:92)
	at app//org.junit.jupiter.engine.execution.InterceptingExecutableInvoker.invoke(InterceptingExecutableInvoker.java:86)
	at app//org.junit.jupiter.engine.descriptor.TestMethodTestDescriptor.lambda$invokeTestMethod$7(TestMethodTestDescriptor.java:218)
	at app//org.junit.platform.engine.support.hierarchical.ThrowableCollector.execute(ThrowableCollector.java:73)
	at app//org.junit.jupiter.engine.descriptor.TestMethodTestDescriptor.invokeTestMethod(TestMethodTestDescriptor.java:214)
	at app//org.junit.jupiter.engine.descriptor.TestMethodTestDescriptor.execute(TestMethodTestDescriptor.java:139)
	at app//org.junit.jupiter.engine.descriptor.TestMethodTestDescriptor.execute(TestMethodTestDescriptor.java:69)
	at app//org.junit.platform.engine.support.hierarchical.NodeTestTask.lambda$executeRecursively$6(NodeTestTask.java:151)
	at app//org.junit.platform.engine.support.hierarchical.ThrowableCollector.execute(ThrowableCollector.java:73)
	at app//org.junit.platform.engine.support.hierarchical.NodeTestTask.lambda$executeRecursively$8(NodeTestTask.java:141)
	at app//org.junit.platform.engine.support.hierarchical.Node.around(Node.java:137)
	at app//org.junit.platform.engine.support.hierarchical.NodeTestTask.lambda$executeRecursively$9(NodeTestTask.java:139)
	at app//org.junit.platform.engine.support.hierarchical.ThrowableCollector.execute(ThrowableCollector.java:73)
	at app//org.junit.platform.engine.support.hierarchical.NodeTestTask.executeRecursively(NodeTestTask.java:138)
	at app//org.junit.platform.engine.support.hierarchical.NodeTestTask.execute(NodeTestTask.java:95)
	at java.base@18.0.1.1/java.util.ArrayList.forEach(ArrayList.java:1511)
	at app//org.junit.platform.engine.support.hierarchical.SameThreadHierarchicalTestExecutorService.invokeAll(SameThreadHierarchicalTestExecutorService.java:41)
	at app//org.junit.platform.engine.support.hierarchical.NodeTestTask.lambda$executeRecursively$6(NodeTestTask.java:155)
	at app//org.junit.platform.engine.support.hierarchical.ThrowableCollector.execute(ThrowableCollector.java:73)
	at app//org.junit.platform.engine.support.hierarchical.NodeTestTask.lambda$executeRecursively$8(NodeTestTask.java:141)
	at app//org.junit.platform.engine.support.hierarchical.Node.around(Node.java:137)
	at app//org.junit.platform.engine.support.hierarchical.NodeTestTask.lambda$executeRecursively$9(NodeTestTask.java:139)
	at app//org.junit.platform.engine.support.hierarchical.ThrowableCollector.execute(ThrowableCollector.java:73)
	at app//org.junit.platform.engine.support.hierarchical.NodeTestTask.executeRecursively(NodeTestTask.java:138)
	at app//org.junit.platform.engine.support.hierarchical.NodeTestTask.execute(NodeTestTask.java:95)
	at java.base@18.0.1.1/java.util.ArrayList.forEach(ArrayList.java:1511)
	at app//org.junit.platform.engine.support.hierarchical.SameThreadHierarchicalTestExecutorService.invokeAll(SameThreadHierarchicalTestExecutorService.java:41)
	at app//org.junit.platform.engine.support.hierarchical.NodeTestTask.lambda$executeRecursively$6(NodeTestTask.java:155)
	at app//org.junit.platform.engine.support.hierarchical.ThrowableCollector.execute(ThrowableCollector.java:73)
	at app//org.junit.platform.engine.support.hierarchical.NodeTestTask.lambda$executeRecursively$8(NodeTestTask.java:141)
	at app//org.junit.platform.engine.support.hierarchical.Node.around(Node.java:137)
	at app//org.junit.platform.engine.support.hierarchical.NodeTestTask.lambda$executeRecursively$9(NodeTestTask.java:139)
	at app//org.junit.platform.engine.support.hierarchical.ThrowableCollector.execute(ThrowableCollector.java:73)
	at app//org.junit.platform.engine.support.hierarchical.NodeTestTask.executeRecursively(NodeTestTask.java:138)
	at app//org.junit.platform.engine.support.hierarchical.NodeTestTask.execute(NodeTestTask.java:95)
	at app//org.junit.platform.engine.support.hierarchical.SameThreadHierarchicalTestExecutorService.submit(SameThreadHierarchicalTestExecutorService.java:35)
	at app//org.junit.platform.engine.support.hierarchical.HierarchicalTestExecutor.execute(HierarchicalTestExecutor.java:57)
	at app//org.junit.platform.engine.support.hierarchical.HierarchicalTestEngine.execute(HierarchicalTestEngine.java:54)
	at app//org.junit.platform.launcher.core.EngineExecutionOrchestrator.execute(EngineExecutionOrchestrator.java:107)
	at app//org.junit.platform.launcher.core.EngineExecutionOrchestrator.execute(EngineExecutionOrchestrator.java:88)
	at app//org.junit.platform.launcher.core.EngineExecutionOrchestrator.lambda$execute$0(EngineExecutionOrchestrator.java:54)
	at app//org.junit.platform.launcher.core.EngineExecutionOrchestrator.withInterceptedStreams(EngineExecutionOrchestrator.java:67)
	at app//org.junit.platform.launcher.core.EngineExecutionOrchestrator.execute(EngineExecutionOrchestrator.java:52)
	at app//org.junit.platform.launcher.core.DefaultLauncher.execute(DefaultLauncher.java:114)
	at app//org.junit.platform.launcher.core.DefaultLauncher.execute(DefaultLauncher.java:86)
	at app//org.junit.platform.launcher.core.DefaultLauncherSession$DelegatingLauncher.execute(DefaultLauncherSession.java:86)
	at org.gradle.api.internal.tasks.testing.junitplatform.JUnitPlatformTestClassProcessor$CollectAllTestClassesExecutor.processAllTestClasses(JUnitPlatformTestClassProcessor.java:119)
	at org.gradle.api.internal.tasks.testing.junitplatform.JUnitPlatformTestClassProcessor$CollectAllTestClassesExecutor.access$000(JUnitPlatformTestClassProcessor.java:94)
	at org.gradle.api.internal.tasks.testing.junitplatform.JUnitPlatformTestClassProcessor.stop(JUnitPlatformTestClassProcessor.java:89)
	at org.gradle.api.internal.tasks.testing.SuiteTestClassProcessor.stop(SuiteTestClassProcessor.java:62)
	at java.base@18.0.1.1/jdk.internal.reflect.DirectMethodHandleAccessor.invoke(DirectMethodHandleAccessor.java:104)
	at java.base@18.0.1.1/java.lang.reflect.Method.invoke(Method.java:577)
	at org.gradle.internal.dispatch.ReflectionDispatch.dispatch(ReflectionDispatch.java:36)
	at org.gradle.internal.dispatch.ReflectionDispatch.dispatch(ReflectionDispatch.java:24)
	at org.gradle.internal.dispatch.ContextClassLoaderDispatch.dispatch(ContextClassLoaderDispatch.java:33)
	at org.gradle.internal.dispatch.ProxyDispatchAdapter$DispatchingInvocationHandler.invoke(ProxyDispatchAdapter.java:94)
	at jdk.proxy1/jdk.proxy1.$Proxy2.stop(Unknown Source)
	at org.gradle.api.internal.tasks.testing.worker.TestWorker$3.run(TestWorker.java:193)
	at org.gradle.api.internal.tasks.testing.worker.TestWorker.executeAndMaintainThreadName(TestWorker.java:129)
	at org.gradle.api.internal.tasks.testing.worker.TestWorker.execute(TestWorker.java:100)
	at org.gradle.api.internal.tasks.testing.worker.TestWorker.execute(TestWorker.java:60)
	at org.gradle.process.internal.worker.child.ActionExecutionWorker.execute(ActionExecutionWorker.java:56)
	at org.gradle.process.internal.worker.child.SystemApplicationClassLoaderWorker.call(SystemApplicationClassLoaderWorker.java:113)
	at org.gradle.process.internal.worker.child.SystemApplicationClassLoaderWorker.call(SystemApplicationClassLoaderWorker.java:65)
	at app//worker.org.gradle.process.internal.worker.GradleWorkerMain.run(GradleWorkerMain.java:69)
	at app//worker.org.gradle.process.internal.worker.GradleWorkerMain.main(GradleWorkerMain.java:74)
</failure>
  </testcase>
  <testcase name="tripletsWhoseSumIs108()" classname="PythagoreanTripletTest" time="0.031">
    <failure message="org.opentest4j.AssertionFailedError: &#13;&#10;expected: &#13;&#10;  [PythagoreanTriplet@a3d9978]&#13;&#10; but was: &#13;&#10;  [PythagoreanTriplet@5f9be66c,&#13;&#10;      PythagoreanTriplet@3abada5a,&#13;&#10;      PythagoreanTriplet@66c61024,&#13;&#10;      PythagoreanTriplet@61fe30,&#13;&#10;      PythagoreanTriplet@c9d0d6,&#13;&#10;      PythagoreanTriplet@6ccdb29f,&#13;&#10;      PythagoreanTriplet@3adcc812,&#13;&#10;      PythagoreanTriplet@35432107,&#13;&#10;      PythagoreanTriplet@7b420819,&#13;&#10;      PythagoreanTriplet@7a1a14a4,&#13;&#10;      PythagoreanTriplet@265adfad]" type="org.opentest4j.AssertionFailedError">org.opentest4j.AssertionFailedError: 
expected: 
  [PythagoreanTriplet@a3d9978]
 but was: 
  [PythagoreanTriplet@5f9be66c,
      PythagoreanTriplet@3abada5a,
      PythagoreanTriplet@66c61024,
      PythagoreanTriplet@61fe30,
      PythagoreanTriplet@c9d0d6,
      PythagoreanTriplet@6ccdb29f,
      PythagoreanTriplet@3adcc812,
      PythagoreanTriplet@35432107,
      PythagoreanTriplet@7b420819,
      PythagoreanTriplet@7a1a14a4,
      PythagoreanTriplet@265adfad]
	at java.base@18.0.1.1/jdk.internal.reflect.DirectConstructorHandleAccessor.newInstance(DirectConstructorHandleAccessor.java:67)
	at java.base@18.0.1.1/java.lang.reflect.Constructor.newInstanceWithCaller(Constructor.java:499)
	at app//PythagoreanTripletTest.tripletsWhoseSumIs108(PythagoreanTripletTest.java:34)
	at java.base@18.0.1.1/jdk.internal.reflect.DirectMethodHandleAccessor.invoke(DirectMethodHandleAccessor.java:104)
	at java.base@18.0.1.1/java.lang.reflect.Method.invoke(Method.java:577)
	at app//org.junit.platform.commons.util.ReflectionUtils.invokeMethod(ReflectionUtils.java:728)
	at app//org.junit.jupiter.engine.execution.MethodInvocation.proceed(MethodInvocation.java:60)
	at app//org.junit.jupiter.engine.execution.InvocationInterceptorChain$ValidatingInvocation.proceed(InvocationInterceptorChain.java:131)
	at app//org.junit.jupiter.engine.extension.TimeoutExtension.intercept(TimeoutExtension.java:156)
	at app//org.junit.jupiter.engine.extension.TimeoutExtension.interceptTestableMethod(TimeoutExtension.java:147)
	at app//org.junit.jupiter.engine.extension.TimeoutExtension.interceptTestMethod(TimeoutExtension.java:86)
	at app//org.junit.jupiter.engine.execution.InterceptingExecutableInvoker$ReflectiveInterceptorCall.lambda$ofVoidMethod$0(InterceptingExecutableInvoker.java:103)
	at app//org.junit.jupiter.engine.execution.InterceptingExecutableInvoker.lambda$invoke$0(InterceptingExecutableInvoker.java:93)
	at app//org.junit.jupiter.engine.execution.InvocationInterceptorChain$InterceptedInvocation.proceed(InvocationInterceptorChain.java:106)
	at app//org.junit.jupiter.engine.execution.InvocationInterceptorChain.proceed(InvocationInterceptorChain.java:64)
	at app//org.junit.jupiter.engine.execution.InvocationInterceptorChain.chainAndInvoke(InvocationInterceptorChain.java:45)
	at app//org.junit.jupiter.engine.execution.InvocationInterceptorChain.invoke(InvocationInterceptorChain.java:37)
	at app//org.junit.jupiter.engine.execution.InterceptingExecutableInvoker.invoke(InterceptingExecutableInvoker.java:92)
	at app//org.junit.jupiter.engine.execution.InterceptingExecutableInvoker.invoke(InterceptingExecutableInvoker.java:86)
	at app//org.junit.jupiter.engine.descriptor.TestMethodTestDescriptor.lambda$invokeTestMethod$7(TestMethodTestDescriptor.java:218)
	at app//org.junit.platform.engine.support.hierarchical.ThrowableCollector.execute(ThrowableCollector.java:73)
	at app//org.junit.jupiter.engine.descriptor.TestMethodTestDescriptor.invokeTestMethod(TestMethodTestDescriptor.java:214)
	at app//org.junit.jupiter.engine.descriptor.TestMethodTestDescriptor.execute(TestMethodTestDescriptor.java:139)
	at app//org.junit.jupiter.engine.descriptor.TestMethodTestDescriptor.execute(TestMethodTestDescriptor.java:69)
	at app//org.junit.platform.engine.support.hierarchical.NodeTestTask.lambda$executeRecursively$6(NodeTestTask.java:151)
	at app//org.junit.platform.engine.support.hierarchical.ThrowableCollector.execute(ThrowableCollector.java:73)
	at app//org.junit.platform.engine.support.hierarchical.NodeTestTask.lambda$executeRecursively$8(NodeTestTask.java:141)
	at app//org.junit.platform.engine.support.hierarchical.Node.around(Node.java:137)
	at app//org.junit.platform.engine.support.hierarchical.NodeTestTask.lambda$executeRecursively$9(NodeTestTask.java:139)
	at app//org.junit.platform.engine.support.hierarchical.ThrowableCollector.execute(ThrowableCollector.java:73)
	at app//org.junit.platform.engine.support.hierarchical.NodeTestTask.executeRecursively(NodeTestTask.java:138)
	at app//org.junit.platform.engine.support.hierarchical.NodeTestTask.execute(NodeTestTask.java:95)
	at java.base@18.0.1.1/java.util.ArrayList.forEach(ArrayList.java:1511)
	at app//org.junit.platform.engine.support.hierarchical.SameThreadHierarchicalTestExecutorService.invokeAll(SameThreadHierarchicalTestExecutorService.java:41)
	at app//org.junit.platform.engine.support.hierarchical.NodeTestTask.lambda$executeRecursively$6(NodeTestTask.java:155)
	at app//org.junit.platform.engine.support.hierarchical.ThrowableCollector.execute(ThrowableCollector.java:73)
	at app//org.junit.platform.engine.support.hierarchical.NodeTestTask.lambda$executeRecursively$8(NodeTestTask.java:141)
	at app//org.junit.platform.engine.support.hierarchical.Node.around(Node.java:137)
	at app//org.junit.platform.engine.support.hierarchical.NodeTestTask.lambda$executeRecursively$9(NodeTestTask.java:139)
	at app//org.junit.platform.engine.support.hierarchical.ThrowableCollector.execute(ThrowableCollector.java:73)
	at app//org.junit.platform.engine.support.hierarchical.NodeTestTask.executeRecursively(NodeTestTask.java:138)
	at app//org.junit.platform.engine.support.hierarchical.NodeTestTask.execute(NodeTestTask.java:95)
	at java.base@18.0.1.1/java.util.ArrayList.forEach(ArrayList.java:1511)
	at app//org.junit.platform.engine.support.hierarchical.SameThreadHierarchicalTestExecutorService.invokeAll(SameThreadHierarchicalTestExecutorService.java:41)
	at app//org.junit.platform.engine.support.hierarchical.NodeTestTask.lambda$executeRecursively$6(NodeTestTask.java:155)
	at app//org.junit.platform.engine.support.hierarchical.ThrowableCollector.execute(ThrowableCollector.java:73)
	at app//org.junit.platform.engine.support.hierarchical.NodeTestTask.lambda$executeRecursively$8(NodeTestTask.java:141)
	at app//org.junit.platform.engine.support.hierarchical.Node.around(Node.java:137)
	at app//org.junit.platform.engine.support.hierarchical.NodeTestTask.lambda$executeRecursively$9(NodeTestTask.java:139)
	at app//org.junit.platform.engine.support.hierarchical.ThrowableCollector.execute(ThrowableCollector.java:73)
	at app//org.junit.platform.engine.support.hierarchical.NodeTestTask.executeRecursively(NodeTestTask.java:138)
	at app//org.junit.platform.engine.support.hierarchical.NodeTestTask.execute(NodeTestTask.java:95)
	at app//org.junit.platform.engine.support.hierarchical.SameThreadHierarchicalTestExecutorService.submit(SameThreadHierarchicalTestExecutorService.java:35)
	at app//org.junit.platform.engine.support.hierarchical.HierarchicalTestExecutor.execute(HierarchicalTestExecutor.java:57)
	at app//org.junit.platform.engine.support.hierarchical.HierarchicalTestEngine.execute(HierarchicalTestEngine.java:54)
	at app//org.junit.platform.launcher.core.EngineExecutionOrchestrator.execute(EngineExecutionOrchestrator.java:107)
	at app//org.junit.platform.launcher.core.EngineExecutionOrchestrator.execute(EngineExecutionOrchestrator.java:88)
	at app//org.junit.platform.launcher.core.EngineExecutionOrchestrator.lambda$execute$0(EngineExecutionOrchestrator.java:54)
	at app//org.junit.platform.launcher.core.EngineExecutionOrchestrator.withInterceptedStreams(EngineExecutionOrchestrator.java:67)
	at app//org.junit.platform.launcher.core.EngineExecutionOrchestrator.execute(EngineExecutionOrchestrator.java:52)
	at app//org.junit.platform.launcher.core.DefaultLauncher.execute(DefaultLauncher.java:114)
	at app//org.junit.platform.launcher.core.DefaultLauncher.execute(DefaultLauncher.java:86)
	at app//org.junit.platform.launcher.core.DefaultLauncherSession$DelegatingLauncher.execute(DefaultLauncherSession.java:86)
	at org.gradle.api.internal.tasks.testing.junitplatform.JUnitPlatformTestClassProcessor$CollectAllTestClassesExecutor.processAllTestClasses(JUnitPlatformTestClassProcessor.java:119)
	at org.gradle.api.internal.tasks.testing.junitplatform.JUnitPlatformTestClassProcessor$CollectAllTestClassesExecutor.access$000(JUnitPlatformTestClassProcessor.java:94)
	at org.gradle.api.internal.tasks.testing.junitplatform.JUnitPlatformTestClassProcessor.stop(JUnitPlatformTestClassProcessor.java:89)
	at org.gradle.api.internal.tasks.testing.SuiteTestClassProcessor.stop(SuiteTestClassProcessor.java:62)
	at java.base@18.0.1.1/jdk.internal.reflect.DirectMethodHandleAccessor.invoke(DirectMethodHandleAccessor.java:104)
	at java.base@18.0.1.1/java.lang.reflect.Method.invoke(Method.java:577)
	at org.gradle.internal.dispatch.ReflectionDispatch.dispatch(ReflectionDispatch.java:36)
	at org.gradle.internal.dispatch.ReflectionDispatch.dispatch(ReflectionDispatch.java:24)
	at org.gradle.internal.dispatch.ContextClassLoaderDispatch.dispatch(ContextClassLoaderDispatch.java:33)
	at org.gradle.internal.dispatch.ProxyDispatchAdapter$DispatchingInvocationHandler.invoke(ProxyDispatchAdapter.java:94)
	at jdk.proxy1/jdk.proxy1.$Proxy2.stop(Unknown Source)
	at org.gradle.api.internal.tasks.testing.worker.TestWorker$3.run(TestWorker.java:193)
	at org.gradle.api.internal.tasks.testing.worker.TestWorker.executeAndMaintainThreadName(TestWorker.java:129)
	at org.gradle.api.internal.tasks.testing.worker.TestWorker.execute(TestWorker.java:100)
	at org.gradle.api.internal.tasks.testing.worker.TestWorker.execute(TestWorker.java:60)
	at org.gradle.process.internal.worker.child.ActionExecutionWorker.execute(ActionExecutionWorker.java:56)
	at org.gradle.process.internal.worker.child.SystemApplicationClassLoaderWorker.call(SystemApplicationClassLoaderWorker.java:113)
	at org.gradle.process.internal.worker.child.SystemApplicationClassLoaderWorker.call(SystemApplicationClassLoaderWorker.java:65)
	at app//worker.org.gradle.process.internal.worker.GradleWorkerMain.run(GradleWorkerMain.java:69)
	at app//worker.org.gradle.process.internal.worker.GradleWorkerMain.main(GradleWorkerMain.java:74)
</failure>
  </testcase>
  <testcase name="tripletsWhoseSumIs840()" classname="PythagoreanTripletTest" time="0.014">
    <failure message="org.opentest4j.AssertionFailedError: &#13;&#10;expected: &#13;&#10;  [PythagoreanTriplet@2e6a5539,&#13;&#10;      PythagoreanTriplet@3fc9504b,&#13;&#10;      PythagoreanTriplet@6d025197,&#13;&#10;      PythagoreanTriplet@27d4a09,&#13;&#10;      PythagoreanTriplet@7e4204e2,&#13;&#10;      PythagoreanTriplet@b7c4869,&#13;&#10;      PythagoreanTriplet@740d2e78,&#13;&#10;      PythagoreanTriplet@1c481ff2]&#13;&#10; but was: &#13;&#10;  [PythagoreanTriplet@5d066c7d,&#13;&#10;      PythagoreanTriplet@1e461e41,&#13;&#10;      PythagoreanTriplet@5ba88be8,&#13;&#10;      PythagoreanTriplet@56928307,&#13;&#10;      PythagoreanTriplet@3899782c,&#13;&#10;      PythagoreanTriplet@1603cd68,&#13;&#10;      PythagoreanTriplet@9ebe38b,&#13;&#10;      PythagoreanTriplet@4b23c30a,&#13;&#10;      PythagoreanTriplet@38089a5a,&#13;&#10;      PythagoreanTriplet@30e868be,&#13;&#10;      PythagoreanTriplet@66c92293,&#13;&#10;      PythagoreanTriplet@332796d3,&#13;&#10;      PythagoreanTriplet@4f0100a7,&#13;&#10;      PythagoreanTriplet@3cdf2c61,&#13;&#10;      PythagoreanTriplet@13ad5cd3,&#13;&#10;      PythagoreanTriplet@1c33c17b,&#13;&#10;      PythagoreanTriplet@5bf0fe62,&#13;&#10;      PythagoreanTriplet@1e097d59,&#13;&#10;      PythagoreanTriplet@673be18f,&#13;&#10;      PythagoreanTriplet@6581dc0a,&#13;&#10;      PythagoreanTriplet@39de3d36,&#13;&#10;      PythagoreanTriplet@6ce86ce1,&#13;&#10;      PythagoreanTriplet@54e7df6a,&#13;&#10;      PythagoreanTriplet@3fed2870,&#13;&#10;      PythagoreanTriplet@77128536,&#13;&#10;      PythagoreanTriplet@58326051,&#13;&#10;      PythagoreanTriplet@32c4e8b2,&#13;&#10;      PythagoreanTriplet@64bce832,&#13;&#10;      PythagoreanTriplet@764faa6,&#13;&#10;      PythagoreanTriplet@4c1f22f3,&#13;&#10;      PythagoreanTriplet@598bd2ba,&#13;&#10;      PythagoreanTriplet@5a755cc1,&#13;&#10;      PythagoreanTriplet@7ae42ce3,&#13;&#10;      PythagoreanTriplet@4f5991f6,&#13;&#10;      PythagoreanTriplet@484094a5,&#13;&#10;      PythagoreanTriplet@38234a38,&#13;&#10;      PythagoreanTriplet@63fbfaeb,&#13;&#10;      PythagoreanTriplet@602e0143,&#13;&#10;      PythagoreanTriplet@2c07545f,&#13;&#10;      PythagoreanTriplet@e57b96d,&#13;&#10;      PythagoreanTriplet@32c726ee,&#13;&#10;      PythagoreanTriplet@22f31dec,&#13;&#10;      PythagoreanTriplet@34c01041,&#13;&#10;      PythagoreanTriplet@76f4b65,&#13;&#10;      PythagoreanTriplet@c94fd30,&#13;&#10;      PythagoreanTriplet@36328d33,&#13;&#10;      PythagoreanTriplet@2c4d1ac,&#13;&#10;      PythagoreanTriplet@7f0d96f2,&#13;&#10;      PythagoreanTriplet@545b995e,&#13;&#10;      PythagoreanTriplet@76a2ddf3,&#13;&#10;      PythagoreanTriplet@524f3b3a,&#13;&#10;      PythagoreanTriplet@41e68d87,&#13;&#10;      PythagoreanTriplet@49ff7d8c,&#13;&#10;      PythagoreanTriplet@29526c05,&#13;&#10;      PythagoreanTriplet@2ef14fe,&#13;&#10;      PythagoreanTriplet@77102b91,&#13;&#10;      PythagoreanTriplet@45312be2,&#13;&#10;      PythagoreanTriplet@7fb95505,&#13;&#10;      PythagoreanTriplet@58be6e8,&#13;&#10;      PythagoreanTriplet@7331196b,&#13;&#10;      PythagoreanTriplet@3f9342d4,&#13;&#10;      PythagoreanTriplet@ab7395e,&#13;&#10;      PythagoreanTriplet@50d13246,&#13;&#10;      PythagoreanTriplet@2bd08376,&#13;&#10;      PythagoreanTriplet@e70f13a,&#13;&#10;      PythagoreanTriplet@3d3e5463,&#13;&#10;      PythagoreanTriplet@64a40280,&#13;&#10;      PythagoreanTriplet@4b40f651,&#13;&#10;      PythagoreanTriplet@42b02722,&#13;&#10;      PythagoreanTriplet@d62fe5b,&#13;&#10;      PythagoreanTriplet@49964d75,&#13;&#10;      PythagoreanTriplet@528c868,&#13;&#10;      PythagoreanTriplet@466276d8,&#13;&#10;      PythagoreanTriplet@5ce8d869,&#13;&#10;      PythagoreanTriplet@27eedb64,&#13;&#10;      PythagoreanTriplet@64c63c79,&#13;&#10;      PythagoreanTriplet@31c7528f,&#13;&#10;      PythagoreanTriplet@2b76ff4e,&#13;&#10;      PythagoreanTriplet@7a1234bf,&#13;&#10;      PythagoreanTriplet@2f62ea70,&#13;&#10;      PythagoreanTriplet@24ba9639,&#13;&#10;      PythagoreanTriplet@38aa816f,&#13;&#10;      PythagoreanTriplet@53f6fd09,&#13;&#10;      PythagoreanTriplet@6bffbc6d,&#13;&#10;      PythagoreanTriplet@1b84f475,&#13;&#10;      PythagoreanTriplet@7749bf93,&#13;&#10;      PythagoreanTriplet@13330ac6,&#13;&#10;      PythagoreanTriplet@539d019,&#13;&#10;      PythagoreanTriplet@39a2bb97,&#13;&#10;      PythagoreanTriplet@3ad2e17,&#13;&#10;      PythagoreanTriplet@8c3619e,&#13;&#10;      PythagoreanTriplet@4331d187,&#13;&#10;      PythagoreanTriplet@6f63b475,&#13;&#10;      PythagoreanTriplet@554e218,&#13;&#10;      PythagoreanTriplet@1608bcbd,&#13;&#10;      PythagoreanTriplet@5bf8fa12,&#13;&#10;      PythagoreanTriplet@29ca3d04,&#13;&#10;      PythagoreanTriplet@b2c5e07,&#13;&#10;      PythagoreanTriplet@5812f68b,&#13;&#10;      PythagoreanTriplet@4426bff1,&#13;&#10;      PythagoreanTriplet@3c7c886c,&#13;&#10;      PythagoreanTriplet@55493582,&#13;&#10;      PythagoreanTriplet@1a20270e,&#13;&#10;      PythagoreanTriplet@6b88ca8c,&#13;&#10;      PythagoreanTriplet@336f1079,&#13;&#10;      PythagoreanTriplet@2f16c6b3,&#13;&#10;      PythagoreanTriplet@34158c08,&#13;&#10;      PythagoreanTriplet@19e4fcac,&#13;&#10;      PythagoreanTriplet@52c3cb31,&#13;&#10;      PythagoreanTriplet@4b79ac84,&#13;&#10;      PythagoreanTriplet@53941c2f,&#13;&#10;      PythagoreanTriplet@6dab9b6d,&#13;&#10;      PythagoreanTriplet@21fd5faa,&#13;&#10;      PythagoreanTriplet@2766ca9d,&#13;&#10;      PythagoreanTriplet@5460cf3a,&#13;&#10;      PythagoreanTriplet@65a15628]" type="org.opentest4j.AssertionFailedError">org.opentest4j.AssertionFailedError: 
expected: 
  [PythagoreanTriplet@2e6a5539,
      PythagoreanTriplet@3fc9504b,
      PythagoreanTriplet@6d025197,
      PythagoreanTriplet@27d4a09,
      PythagoreanTriplet@7e4204e2,
      PythagoreanTriplet@b7c4869,
      PythagoreanTriplet@740d2e78,
      PythagoreanTriplet@1c481ff2]
 but was: 
  [PythagoreanTriplet@5d066c7d,
      PythagoreanTriplet@1e461e41,
      PythagoreanTriplet@5ba88be8,
      PythagoreanTriplet@56928307,
      PythagoreanTriplet@3899782c,
      PythagoreanTriplet@1603cd68,
      PythagoreanTriplet@9ebe38b,
      PythagoreanTriplet@4b23c30a,
      PythagoreanTriplet@38089a5a,
      PythagoreanTriplet@30e868be,
      PythagoreanTriplet@66c92293,
      PythagoreanTriplet@332796d3,
      PythagoreanTriplet@4f0100a7,
      PythagoreanTriplet@3cdf2c61,
      PythagoreanTriplet@13ad5cd3,
      PythagoreanTriplet@1c33c17b,
      PythagoreanTriplet@5bf0fe62,
      PythagoreanTriplet@1e097d59,
      PythagoreanTriplet@673be18f,
      PythagoreanTriplet@6581dc0a,
      PythagoreanTriplet@39de3d36,
      PythagoreanTriplet@6ce86ce1,
      PythagoreanTriplet@54e7df6a,
      PythagoreanTriplet@3fed2870,
      PythagoreanTriplet@77128536,
      PythagoreanTriplet@58326051,
      PythagoreanTriplet@32c4e8b2,
      PythagoreanTriplet@64bce832,
      PythagoreanTriplet@764faa6,
      PythagoreanTriplet@4c1f22f3,
      PythagoreanTriplet@598bd2ba,
      PythagoreanTriplet@5a755cc1,
      PythagoreanTriplet@7ae42ce3,
      PythagoreanTriplet@4f5991f6,
      PythagoreanTriplet@484094a5,
      PythagoreanTriplet@38234a38,
      PythagoreanTriplet@63fbfaeb,
      PythagoreanTriplet@602e0143,
      PythagoreanTriplet@2c07545f,
      PythagoreanTriplet@e57b96d,
      PythagoreanTriplet@32c726ee,
      PythagoreanTriplet@22f31dec,
      PythagoreanTriplet@34c01041,
      PythagoreanTriplet@76f4b65,
      PythagoreanTriplet@c94fd30,
      PythagoreanTriplet@36328d33,
      PythagoreanTriplet@2c4d1ac,
      PythagoreanTriplet@7f0d96f2,
      PythagoreanTriplet@545b995e,
      PythagoreanTriplet@76a2ddf3,
      PythagoreanTriplet@524f3b3a,
      PythagoreanTriplet@41e68d87,
      PythagoreanTriplet@49ff7d8c,
      PythagoreanTriplet@29526c05,
      PythagoreanTriplet@2ef14fe,
      PythagoreanTriplet@77102b91,
      PythagoreanTriplet@45312be2,
      PythagoreanTriplet@7fb95505,
      PythagoreanTriplet@58be6e8,
      PythagoreanTriplet@7331196b,
      PythagoreanTriplet@3f9342d4,
      PythagoreanTriplet@ab7395e,
      PythagoreanTriplet@50d13246,
      PythagoreanTriplet@2bd08376,
      PythagoreanTriplet@e70f13a,
      PythagoreanTriplet@3d3e5463,
      PythagoreanTriplet@64a40280,
      PythagoreanTriplet@4b40f651,
      PythagoreanTriplet@42b02722,
      PythagoreanTriplet@d62fe5b,
      PythagoreanTriplet@49964d75,
      PythagoreanTriplet@528c868,
      PythagoreanTriplet@466276d8,
      PythagoreanTriplet@5ce8d869,
      PythagoreanTriplet@27eedb64,
      PythagoreanTriplet@64c63c79,
      PythagoreanTriplet@31c7528f,
      PythagoreanTriplet@2b76ff4e,
      PythagoreanTriplet@7a1234bf,
      PythagoreanTriplet@2f62ea70,
      PythagoreanTriplet@24ba9639,
      PythagoreanTriplet@38aa816f,
      PythagoreanTriplet@53f6fd09,
      PythagoreanTriplet@6bffbc6d,
      PythagoreanTriplet@1b84f475,
      PythagoreanTriplet@7749bf93,
      PythagoreanTriplet@13330ac6,
      PythagoreanTriplet@539d019,
      PythagoreanTriplet@39a2bb97,
      PythagoreanTriplet@3ad2e17,
      PythagoreanTriplet@8c3619e,
      PythagoreanTriplet@4331d187,
      PythagoreanTriplet@6f63b475,
      PythagoreanTriplet@554e218,
      PythagoreanTriplet@1608bcbd,
      PythagoreanTriplet@5bf8fa12,
      PythagoreanTriplet@29ca3d04,
      PythagoreanTriplet@b2c5e07,
      PythagoreanTriplet@5812f68b,
      PythagoreanTriplet@4426bff1,
      PythagoreanTriplet@3c7c886c,
      PythagoreanTriplet@55493582,
      PythagoreanTriplet@1a20270e,
      PythagoreanTriplet@6b88ca8c,
      PythagoreanTriplet@336f1079,
      PythagoreanTriplet@2f16c6b3,
      PythagoreanTriplet@34158c08,
      PythagoreanTriplet@19e4fcac,
      PythagoreanTriplet@52c3cb31,
      PythagoreanTriplet@4b79ac84,
      PythagoreanTriplet@53941c2f,
      PythagoreanTriplet@6dab9b6d,
      PythagoreanTriplet@21fd5faa,
      PythagoreanTriplet@2766ca9d,
      PythagoreanTriplet@5460cf3a,
      PythagoreanTriplet@65a15628]
	at java.base@18.0.1.1/jdk.internal.reflect.DirectConstructorHandleAccessor.newInstance(DirectConstructorHandleAccessor.java:67)
	at java.base@18.0.1.1/java.lang.reflect.Constructor.newInstanceWithCaller(Constructor.java:499)
	at app//PythagoreanTripletTest.tripletsWhoseSumIs840(PythagoreanTripletTest.java:96)
	at java.base@18.0.1.1/jdk.internal.reflect.DirectMethodHandleAccessor.invoke(DirectMethodHandleAccessor.java:104)
	at java.base@18.0.1.1/java.lang.reflect.Method.invoke(Method.java:577)
	at app//org.junit.platform.commons.util.ReflectionUtils.invokeMethod(ReflectionUtils.java:728)
	at app//org.junit.jupiter.engine.execution.MethodInvocation.proceed(MethodInvocation.java:60)
	at app//org.junit.jupiter.engine.execution.InvocationInterceptorChain$ValidatingInvocation.proceed(InvocationInterceptorChain.java:131)
	at app//org.junit.jupiter.engine.extension.TimeoutExtension.intercept(TimeoutExtension.java:156)
	at app//org.junit.jupiter.engine.extension.TimeoutExtension.interceptTestableMethod(TimeoutExtension.java:147)
	at app//org.junit.jupiter.engine.extension.TimeoutExtension.interceptTestMethod(TimeoutExtension.java:86)
	at app//org.junit.jupiter.engine.execution.InterceptingExecutableInvoker$ReflectiveInterceptorCall.lambda$ofVoidMethod$0(InterceptingExecutableInvoker.java:103)
	at app//org.junit.jupiter.engine.execution.InterceptingExecutableInvoker.lambda$invoke$0(InterceptingExecutableInvoker.java:93)
	at app//org.junit.jupiter.engine.execution.InvocationInterceptorChain$InterceptedInvocation.proceed(InvocationInterceptorChain.java:106)
	at app//org.junit.jupiter.engine.execution.InvocationInterceptorChain.proceed(InvocationInterceptorChain.java:64)
	at app//org.junit.jupiter.engine.execution.InvocationInterceptorChain.chainAndInvoke(InvocationInterceptorChain.java:45)
	at app//org.junit.jupiter.engine.execution.InvocationInterceptorChain.invoke(InvocationInterceptorChain.java:37)
	at app//org.junit.jupiter.engine.execution.InterceptingExecutableInvoker.invoke(InterceptingExecutableInvoker.java:92)
	at app//org.junit.jupiter.engine.execution.InterceptingExecutableInvoker.invoke(InterceptingExecutableInvoker.java:86)
	at app//org.junit.jupiter.engine.descriptor.TestMethodTestDescriptor.lambda$invokeTestMethod$7(TestMethodTestDescriptor.java:218)
	at app//org.junit.platform.engine.support.hierarchical.ThrowableCollector.execute(ThrowableCollector.java:73)
	at app//org.junit.jupiter.engine.descriptor.TestMethodTestDescriptor.invokeTestMethod(TestMethodTestDescriptor.java:214)
	at app//org.junit.jupiter.engine.descriptor.TestMethodTestDescriptor.execute(TestMethodTestDescriptor.java:139)
[...]
      PythagoreanTriplet@5ac86ba5,
      PythagoreanTriplet@6c67e137,
      PythagoreanTriplet@2c9399a4,
      PythagoreanTriplet@191ae03f,
      PythagoreanTriplet@9635fa,
      PythagoreanTriplet@53ab0286,
      PythagoreanTriplet@63c5efee,
      PythagoreanTriplet@2d10e0b1,
      PythagoreanTriplet@1c98290c,
      PythagoreanTriplet@172ca72b,
      PythagoreanTriplet@5bda80bf,
      PythagoreanTriplet@71e5f61d,
      PythagoreanTriplet@2ce86164,
      PythagoreanTriplet@5e8f9e2d,
      PythagoreanTriplet@51df223b,
      PythagoreanTriplet@fd46303,
      PythagoreanTriplet@60d8c0dc,
      PythagoreanTriplet@4204541c,
      PythagoreanTriplet@6a62689d,
      PythagoreanTriplet@4602c2a9,
      PythagoreanTriplet@60fa3495,
      PythagoreanTriplet@3e2822,
      PythagoreanTriplet@79e18e38,
      PythagoreanTriplet@29a60c27,
      PythagoreanTriplet@1849db1a,
      PythagoreanTriplet@69c79f09,
      PythagoreanTriplet@1ca25c47,
      PythagoreanTriplet@5fcacc0,
      PythagoreanTriplet@533b266e,
      PythagoreanTriplet@6d1d4d7,
      PythagoreanTriplet@89ff02e,
      PythagoreanTriplet@6865c751,
      PythagoreanTriplet@62679465,
      PythagoreanTriplet@6a988392,
      PythagoreanTriplet@1d71006f,
      PythagoreanTriplet@5b6813df,
      PythagoreanTriplet@5f2606b,
      PythagoreanTriplet@2b58f754,
      PythagoreanTriplet@3ebff828,
      PythagoreanTriplet@2552f2cb,
      PythagoreanTriplet@33352f32,
      PythagoreanTriplet@5f3b9c57,
      PythagoreanTriplet@1e044120,
      PythagoreanTriplet@2cf23c81,
      PythagoreanTriplet@3624da92,
      PythagoreanTriplet@35fe2125,
      PythagoreanTriplet@94f6bfb,
      PythagoreanTriplet@34645867,
      PythagoreanTriplet@2484f433,
      PythagoreanTriplet@60b71e8f,
      PythagoreanTriplet@1255b1d1,
      PythagoreanTriplet@464649c,
      PythagoreanTriplet@7c22d4f,
      PythagoreanTriplet@5f59185e,
      PythagoreanTriplet@60bdf15d,
      PythagoreanTriplet@47da3952,
      PythagoreanTriplet@51e4ccb3,
      PythagoreanTriplet@46e8a539,
      PythagoreanTriplet@495083a0,
      PythagoreanTriplet@5fd62371,
      PythagoreanTriplet@28a0fd6c,
      PythagoreanTriplet@2b62442c,
      PythagoreanTriplet@66629f63,
      PythagoreanTriplet@841e575,
      PythagoreanTriplet@27a5328c,
      PythagoreanTriplet@1e5f4170,
      PythagoreanTriplet@6c345c5f,
      PythagoreanTriplet@6b5966e1,
      PythagoreanTriplet@65e61854,
      PythagoreanTriplet@1568159,
      PythagoreanTriplet@4fcee388,
      PythagoreanTriplet@6f80fafe,
      PythagoreanTriplet@3af17be2,
      PythagoreanTriplet@f9879ac,
      PythagoreanTriplet@37f21974,
      PythagoreanTriplet@5f4d427e,
      PythagoreanTriplet@6e521c1e,
      PythagoreanTriplet@224b4d61,
      PythagoreanTriplet@5d5d9e5,
      PythagoreanTriplet@303e3593,
      PythagoreanTriplet@4ef27d66,
      PythagoreanTriplet@362a019c,
      PythagoreanTriplet@1d9bec4d,
      PythagoreanTriplet@5c48c0c0,
      PythagoreanTriplet@10c8f62,
      PythagoreanTriplet@674c583e,
      PythagoreanTriplet@25f7391e,
      PythagoreanTriplet@3f23a3a0,
      PythagoreanTriplet@5ab14cb9,
      PythagoreanTriplet@5fb97279,
      PythagoreanTriplet@439a8f59,
      PythagoreanTriplet@61861a29,
      PythagoreanTriplet@31024624,
      PythagoreanTriplet@25bcd0c7,
      PythagoreanTriplet@32cb636e,
      PythagoreanTriplet@63cd604c,
      PythagoreanTriplet@40dd3977,
      PythagoreanTriplet@3a4e343,
      PythagoreanTriplet@6a1d204a,
      PythagoreanTriplet@62dae245,
      PythagoreanTriplet@4b6579e8,
      PythagoreanTriplet@6fff253c,
      PythagoreanTriplet@6c6357f9,
      PythagoreanTriplet@591e58fa,
      PythagoreanTriplet@3954d008,
      PythagoreanTriplet@2f94c4db,
      PythagoreanTriplet@593e824f,
      PythagoreanTriplet@72ccd81a,
      PythagoreanTriplet@6d8792db,
      PythagoreanTriplet@64bc21ac,
      PythagoreanTriplet@493dfb8e,
      PythagoreanTriplet@5d25e6bb,
      PythagoreanTriplet@ce5a68e,
      PythagoreanTriplet@9d157ff,
      PythagoreanTriplet@2f162cc0,
      PythagoreanTriplet@5df417a7,
      PythagoreanTriplet@7c041b41,
      PythagoreanTriplet@7f69d591,
      PythagoreanTriplet@61078690,
      PythagoreanTriplet@1cb3ec38,
      PythagoreanTriplet@403132fc,
      PythagoreanTriplet@71c5b236,
      PythagoreanTriplet@2cab9998,
      PythagoreanTriplet@2f7a7219,
      PythagoreanTriplet@669513d8,
      PythagoreanTriplet@3a1d593e,
      PythagoreanTriplet@4a8a60bc,
      PythagoreanTriplet@361c294e,
      PythagoreanTriplet@7859e786,
      PythagoreanTriplet@285d851a,
      PythagoreanTriplet@314b8f2d,
      PythagoreanTriplet@664a9613,
      PythagoreanTriplet@5118388b,
      PythagoreanTriplet@15a902e7,
      PythagoreanTriplet@7876d598,
      PythagoreanTriplet@4a3e3e8b,
      PythagoreanTriplet@5af28b27,
      PythagoreanTriplet@71104a4,
      PythagoreanTriplet@4985cbcb,
      PythagoreanTriplet@72f46e16,
      PythagoreanTriplet@3c9168dc,
      PythagoreanTriplet@332a7fce,
      PythagoreanTriplet@549621f3,
      PythagoreanTriplet@54361a9,
      PythagoreanTriplet@32232e55,
      PythagoreanTriplet@5217f3d0,
      PythagoreanTriplet@37ebc9d8,
      PythagoreanTriplet@293bb8a5,
      PythagoreanTriplet@2416a51,
      PythagoreanTriplet@6fa590ba,
      PythagoreanTriplet@6e9319f,
      PythagoreanTriplet@72e34f77,
      PythagoreanTriplet@7bf9b098,
      PythagoreanTriplet@389adf1d,
      PythagoreanTriplet@77307458,
      PythagoreanTriplet@1fc0053e,
      PythagoreanTriplet@290b1b2e,
      PythagoreanTriplet@47874b25,
      PythagoreanTriplet@33617539,
      PythagoreanTriplet@2c177f9e,
      PythagoreanTriplet@5db4c359,
      PythagoreanTriplet@209775a9,
      PythagoreanTriplet@18e7143f,
      PythagoreanTriplet@f9b7332,
      PythagoreanTriplet@74cec793,
      PythagoreanTriplet@6fefce9e,
      PythagoreanTriplet@4f8969b0,
      PythagoreanTriplet@1bdf8190,
      PythagoreanTriplet@192f2f27,
      PythagoreanTriplet@8a589a2,
      PythagoreanTriplet@c65a5ef,
      PythagoreanTriplet@6b5176f2,
      PythagoreanTriplet@b672aa8,
      PythagoreanTriplet@2fab4aff,
      PythagoreanTriplet@ec0c838,
      PythagoreanTriplet@6e46d9f4,
      PythagoreanTriplet@5cc69cfe,
      PythagoreanTriplet@29cfd92b,
      PythagoreanTriplet@21c64522,
      PythagoreanTriplet@7997b197,
      PythagoreanTriplet@11dee337,
      PythagoreanTriplet@460f76a6,
      PythagoreanTriplet@55f3c410,
      PythagoreanTriplet@11acdc30,
      PythagoreanTriplet@770d4269,
      PythagoreanTriplet@4a8ab068,
      PythagoreanTriplet@1922e6d,
      PythagoreanTriplet@76a82f33,
      PythagoreanTriplet@6bab2585,
      PythagoreanTriplet@74bdc168,
      PythagoreanTriplet@644c78d4,
      PythagoreanTriplet@532a02d9,
      PythagoreanTriplet@611f8234,
      PythagoreanTriplet@7bb3a9fe,
      PythagoreanTriplet@7cbee484,
      PythagoreanTriplet@7f811d00,
      PythagoreanTriplet@62923ee6,
      PythagoreanTriplet@4089713,
      PythagoreanTriplet@f19c9d2,
      PythagoreanTriplet@7807ac2c,
      PythagoreanTriplet@b91d8c4,
      PythagoreanTriplet@4b6166aa,
      PythagoreanTriplet@a77614d,
      PythagoreanTriplet@4fd4cae3,
      PythagoreanTriplet@4a067c25,
      PythagoreanTriplet@a1217f9,
      PythagoreanTriplet@3bde62ff,
      PythagoreanTriplet@523424b5,
      PythagoreanTriplet@2baa8d82,
      PythagoreanTriplet@319dead1,
      PythagoreanTriplet@791cbf87,
      PythagoreanTriplet@a7e2d9d,
      PythagoreanTriplet@754777cd,
      PythagoreanTriplet@2b52c0d6,
      PythagoreanTriplet@372ea2bc,
      PythagoreanTriplet@4cc76301,
      PythagoreanTriplet@2f08c4b,
      PythagoreanTriplet@3f19b8b3,
      PythagoreanTriplet@7de0c6ae,
      PythagoreanTriplet@a486d78,
      PythagoreanTriplet@cdc3aae,
      PythagoreanTriplet@7ef2d7a6,
      PythagoreanTriplet@5dcbb60,
      PythagoreanTriplet@4c36250e,
      PythagoreanTriplet@21526f6c,
      PythagoreanTriplet@49f5c307,
      PythagoreanTriplet@299266e2,
      PythagoreanTriplet@5471388b,
      PythagoreanTriplet@66ea1466,
      PythagoreanTriplet@1601e47,
      PythagoreanTriplet@3bffddff,
      PythagoreanTriplet@66971f6b,
      PythagoreanTriplet@50687efb,
      PythagoreanTriplet@517bd097,
      PythagoreanTriplet@142eef62,
      PythagoreanTriplet@4a9cc6cb,
      PythagoreanTriplet@5990e6c5,
      PythagoreanTriplet@56e07a08,
      PythagoreanTriplet@35d6ca49,
      PythagoreanTriplet@1950e8a6,
      PythagoreanTriplet@47289387,
      PythagoreanTriplet@12cd9150,
      PythagoreanTriplet@114a85c2,
      PythagoreanTriplet@f415a95,
      PythagoreanTriplet@cf65451,
      PythagoreanTriplet@724f138e,
      PythagoreanTriplet@37eeec90,
      PythagoreanTriplet@32fe9d0a,
      PythagoreanTriplet@c9413d8,
      PythagoreanTriplet@64da2a7,
      PythagoreanTriplet@46074492,
      PythagoreanTriplet@d78795,
      PythagoreanTriplet@2c715e84,
      PythagoreanTriplet@47428937,
      PythagoreanTriplet@3b9d6699,
      PythagoreanTriplet@7caa550,
      PythagoreanTriplet@21694e53,
      PythagoreanTriplet@72b16078,
      PythagoreanTriplet@22c86919,
      PythagoreanTriplet@70fab835,
      PythagoreanTriplet@1b0a7baf,
      PythagoreanTriplet@62417a16,
      PythagoreanTriplet@32057e6,
      PythagoreanTriplet@26be6ca7,
      PythagoreanTriplet@6ea1bcdc,
      PythagoreanTriplet@759fad4,
      PythagoreanTriplet@64712be,
      PythagoreanTriplet@53499d85,
      PythagoreanTriplet@30ed9c6c,
      PythagoreanTriplet@782a4fff,
      PythagoreanTriplet@46c670a6,
      PythagoreanTriplet@59fc684e,
      PythagoreanTriplet@5ae81e1,
      PythagoreanTriplet@2fd1731c,
      PythagoreanTriplet@5ae76500,
      PythagoreanTriplet@6063d80a,
      PythagoreanTriplet@1133ec6e,
      PythagoreanTriplet@355e34c7,
      PythagoreanTriplet@54709809,
      PythagoreanTriplet@2a2da905,
      PythagoreanTriplet@24f360b2,
      PythagoreanTriplet@60cf80e7,
      PythagoreanTriplet@302fec27,
      PythagoreanTriplet@770d0ea6,
      PythagoreanTriplet@48c40605,
      PythagoreanTriplet@54107f42,
      PythagoreanTriplet@1b11ef33,
      PythagoreanTriplet@476aac9,
      PythagoreanTriplet@6cea706c,
      PythagoreanTriplet@3bd7f8dc,
      PythagoreanTriplet@2f2bf0e2,
      PythagoreanTriplet@1eba372c,
      PythagoreanTriplet@21ec5d87,
      PythagoreanTriplet@25f9407e,
      PythagoreanTriplet@552518c3,
      PythagoreanTriplet@1a69561c,
      PythagoreanTriplet@59aa20b3,
      PythagoreanTriplet@363f6148,
      PythagoreanTriplet@4b21844c,
      PythagoreanTriplet@1b28f282,
      PythagoreanTriplet@138fe6ec,
      PythagoreanTriplet@5e77f0f4,
      PythagoreanTriplet@19b30c92]
	at java.base@18.0.1.1/jdk.internal.reflect.DirectConstructorHandleAccessor.newInstance(DirectConstructorHandleAccessor.java:67)
	at java.base@18.0.1.1/java.lang.reflect.Constructor.newInstanceWithCaller(Constructor.java:499)
	at app//PythagoreanTripletTest.tripletsWhoseSumIs30000(PythagoreanTripletTest.java:133)
	at java.base@18.0.1.1/jdk.internal.reflect.DirectMethodHandleAccessor.invoke(DirectMethodHandleAccessor.java:104)
	at java.base@18.0.1.1/java.lang.reflect.Method.invoke(Method.java:577)
	at app//org.junit.platform.commons.util.ReflectionUtils.invokeMethod(ReflectionUtils.java:728)
	at app//org.junit.jupiter.engine.execution.MethodInvocation.proceed(MethodInvocation.java:60)
	at app//org.junit.jupiter.engine.execution.InvocationInterceptorChain$ValidatingInvocation.proceed(InvocationInterceptorChain.java:131)
	at app//org.junit.jupiter.engine.extension.TimeoutExtension.intercept(TimeoutExtension.java:156)
	at app//org.junit.jupiter.engine.extension.TimeoutExtension.interceptTestableMethod(TimeoutExtension.java:147)
	at app//org.junit.jupiter.engine.extension.TimeoutExtension.interceptTestMethod(TimeoutExtension.java:86)
	at app//org.junit.jupiter.engine.execution.InterceptingExecutableInvoker$ReflectiveInterceptorCall.lambda$ofVoidMethod$0(InterceptingExecutableInvoker.java:103)
	at app//org.junit.jupiter.engine.execution.InterceptingExecutableInvoker.lambda$invoke$0(InterceptingExecutableInvoker.java:93)
	at app//org.junit.jupiter.engine.execution.InvocationInterceptorChain$InterceptedInvocation.proceed(InvocationInterceptorChain.java:106)
	at app//org.junit.jupiter.engine.execution.InvocationInterceptorChain.proceed(InvocationInterceptorChain.java:64)
	at app//org.junit.jupiter.engine.execution.InvocationInterceptorChain.chainAndInvoke(InvocationInterceptorChain.java:45)
	at app//org.junit.jupiter.engine.execution.InvocationInterceptorChain.invoke(InvocationInterceptorChain.java:37)
	at app//org.junit.jupiter.engine.execution.InterceptingExecutableInvoker.invoke(InterceptingExecutableInvoker.java:92)
	at app//org.junit.jupiter.engine.execution.InterceptingExecutableInvoker.invoke(InterceptingExecutableInvoker.java:86)
	at app//org.junit.jupiter.engine.descriptor.TestMethodTestDescriptor.lambda$invokeTestMethod$7(TestMethodTestDescriptor.java:218)
	at app//org.junit.platform.engine.support.hierarchical.ThrowableCollector.execute(ThrowableCollector.java:73)
	at app//org.junit.jupiter.engine.descriptor.TestMethodTestDescriptor.invokeTestMethod(TestMethodTestDescriptor.java:214)
	at app//org.junit.jupiter.engine.descriptor.TestMethodTestDescriptor.execute(TestMethodTestDescriptor.java:139)
	at app//org.junit.jupiter.engine.descriptor.TestMethodTestDescriptor.execute(TestMethodTestDescriptor.java:69)
	at app//org.junit.platform.engine.support.hierarchical.NodeTestTask.lambda$executeRecursively$6(NodeTestTask.java:151)
	at app//org.junit.platform.engine.support.hierarchical.ThrowableCollector.execute(ThrowableCollector.java:73)
	at app//org.junit.platform.engine.support.hierarchical.NodeTestTask.lambda$executeRecursively$8(NodeTestTask.java:141)
	at app//org.junit.platform.engine.support.hierarchical.Node.around(Node.java:137)
	at app//org.junit.platform.engine.support.hierarchical.NodeTestTask.lambda$executeRecursively$9(NodeTestTask.java:139)
	at app//org.junit.platform.engine.support.hierarchical.ThrowableCollector.execute(ThrowableCollector.java:73)
	at app//org.junit.platform.engine.support.hierarchical.NodeTestTask.executeRecursively(NodeTestTask.java:138)
	at app//org.junit.platform.engine.support.hierarchical.NodeTestTask.execute(NodeTestTask.java:95)
	at java.base@18.0.1.1/java.util.ArrayList.forEach(ArrayList.java:1511)
	at app//org.junit.platform.engine.support.hierarchical.SameThreadHierarchicalTestExecutorService.invokeAll(SameThreadHierarchicalTestExecutorService.java:41)
	at app//org.junit.platform.engine.support.hierarchical.NodeTestTask.lambda$executeRecursively$6(NodeTestTask.java:155)
	at app//org.junit.platform.engine.support.hierarchical.ThrowableCollector.execute(ThrowableCollector.java:73)
	at app//org.junit.platform.engine.support.hierarchical.NodeTestTask.lambda$executeRecursively$8(NodeTestTask.java:141)
	at app//org.junit.platform.engine.support.hierarchical.Node.around(Node.java:137)
	at app//org.junit.platform.engine.support.hierarchical.NodeTestTask.lambda$executeRecursively$9(NodeTestTask.java:139)
	at app//org.junit.platform.engine.support.hierarchical.ThrowableCollector.execute(ThrowableCollector.java:73)
	at app//org.junit.platform.engine.support.hierarchical.NodeTestTask.executeRecursively(NodeTestTask.java:138)
	at app//org.junit.platform.engine.support.hierarchical.NodeTestTask.execute(NodeTestTask.java:95)
	at java.base@18.0.1.1/java.util.ArrayList.forEach(ArrayList.java:1511)
	at app//org.junit.platform.engine.support.hierarchical.SameThreadHierarchicalTestExecutorService.invokeAll(SameThreadHierarchicalTestExecutorService.java:41)
	at app//org.junit.platform.engine.support.hierarchical.NodeTestTask.lambda$executeRecursively$6(NodeTestTask.java:155)
	at app//org.junit.platform.engine.support.hierarchical.ThrowableCollector.execute(ThrowableCollector.java:73)
	at app//org.junit.platform.engine.support.hierarchical.NodeTestTask.lambda$executeRecursively$8(NodeTestTask.java:141)
	at app//org.junit.platform.engine.support.hierarchical.Node.around(Node.java:137)
	at app//org.junit.platform.engine.support.hierarchical.NodeTestTask.lambda$executeRecursively$9(NodeTestTask.java:139)
	at app//org.junit.platform.engine.support.hierarchical.ThrowableCollector.execute(ThrowableCollector.java:73)
	at app//org.junit.platform.engine.support.hierarchical.NodeTestTask.executeRecursively(NodeTestTask.java:138)
	at app//org.junit.platform.engine.support.hierarchical.NodeTestTask.execute(NodeTestTask.java:95)
	at app//org.junit.platform.engine.support.hierarchical.SameThreadHierarchicalTestExecutorService.submit(SameThreadHierarchicalTestExecutorService.java:35)
	at app//org.junit.platform.engine.support.hierarchical.HierarchicalTestExecutor.execute(HierarchicalTestExecutor.java:57)
	at app//org.junit.platform.engine.support.hierarchical.HierarchicalTestEngine.execute(HierarchicalTestEngine.java:54)
	at app//org.junit.platform.launcher.core.EngineExecutionOrchestrator.execute(EngineExecutionOrchestrator.java:107)
	at app//org.junit.platform.launcher.core.EngineExecutionOrchestrator.execute(EngineExecutionOrchestrator.java:88)
	at app//org.junit.platform.launcher.core.EngineExecutionOrchestrator.lambda$execute$0(EngineExecutionOrchestrator.java:54)
	at app//org.junit.platform.launcher.core.EngineExecutionOrchestrator.withInterceptedStreams(EngineExecutionOrchestrator.java:67)
	at app//org.junit.platform.launcher.core.EngineExecutionOrchestrator.execute(EngineExecutionOrchestrator.java:52)
	at app//org.junit.platform.launcher.core.DefaultLauncher.execute(DefaultLauncher.java:114)
	at app//org.junit.platform.launcher.core.DefaultLauncher.execute(DefaultLauncher.java:86)
	at app//org.junit.platform.launcher.core.DefaultLauncherSession$DelegatingLauncher.execute(DefaultLauncherSession.java:86)
	at org.gradle.api.internal.tasks.testing.junitplatform.JUnitPlatformTestClassProcessor$CollectAllTestClassesExecutor.processAllTestClasses(JUnitPlatformTestClassProcessor.java:119)
	at org.gradle.api.internal.tasks.testing.junitplatform.JUnitPlatformTestClassProcessor$CollectAllTestClassesExecutor.access$000(JUnitPlatformTestClassProcessor.java:94)
	at org.gradle.api.internal.tasks.testing.junitplatform.JUnitPlatformTestClassProcessor.stop(JUnitPlatformTestClassProcessor.java:89)
	at org.gradle.api.internal.tasks.testing.SuiteTestClassProcessor.stop(SuiteTestClassProcessor.java:62)
	at java.base@18.0.1.1/jdk.internal.reflect.DirectMethodHandleAccessor.invoke(DirectMethodHandleAccessor.java:104)
	at java.base@18.0.1.1/java.lang.reflect.Method.invoke(Method.java:577)
	at org.gradle.internal.dispatch.ReflectionDispatch.dispatch(ReflectionDispatch.java:36)
	at org.gradle.internal.dispatch.ReflectionDispatch.dispatch(ReflectionDispatch.java:24)
	at org.gradle.internal.dispatch.ContextClassLoaderDispatch.dispatch(ContextClassLoaderDispatch.java:33)
	at org.gradle.internal.dispatch.ProxyDispatchAdapter$DispatchingInvocationHandler.invoke(ProxyDispatchAdapter.java:94)
	at jdk.proxy1/jdk.proxy1.$Proxy2.stop(Unknown Source)
	at org.gradle.api.internal.tasks.testing.worker.TestWorker$3.run(TestWorker.java:193)
	at org.gradle.api.internal.tasks.testing.worker.TestWorker.executeAndMaintainThreadName(TestWorker.java:129)
	at org.gradle.api.internal.tasks.testing.worker.TestWorker.execute(TestWorker.java:100)
	at org.gradle.api.internal.tasks.testing.worker.TestWorker.execute(TestWorker.java:60)
	at org.gradle.process.internal.worker.child.ActionExecutionWorker.execute(ActionExecutionWorker.java:56)
	at org.gradle.process.internal.worker.child.SystemApplicationClassLoaderWorker.call(SystemApplicationClassLoaderWorker.java:113)
	at org.gradle.process.internal.worker.child.SystemApplicationClassLoaderWorker.call(SystemApplicationClassLoaderWorker.java:65)
	at app//worker.org.gradle.process.internal.worker.GradleWorkerMain.run(GradleWorkerMain.java:69)
	at app//worker.org.gradle.process.internal.worker.GradleWorkerMain.main(GradleWorkerMain.java:74)
</failure>
  </testcase>
  <system-out><![CDATA[]]></system-out>
  <system-err><![CDATA[]]></system-err>
</testsuite>
